<?xml version="1.0" encoding="UTF-8" ?>
<<<<<<< HEAD
=======
<!--
  Copyright (c) 2013 TerraFrame, Inc. All rights reserved. 
  
  This file is part of Runway SDK(tm).
  
  Runway SDK(tm) is free software: you can redistribute it and/or modify
  it under the terms of the GNU Lesser General Public License as
  published by the Free Software Foundation, either version 3 of the
  License, or (at your option) any later version.
  
  Runway SDK(tm) is distributed in the hope that it will be useful, but
  WITHOUT ANY WARRANTY; without even the implied warranty of
  MERCHANTABILITY or FITNESS FOR A PARTICULAR PURPOSE.  See the
  GNU Lesser General Public License for more details.
  
  You should have received a copy of the GNU Lesser General Public
  License along with Runway SDK(tm).  If not, see <http://www.gnu.org/licenses/>.
-->
>>>>>>> ac74a14d84b3e01d5aba7001dc0bc6e12cfc0860
<testsuite failures="0" time="246.937" errors="17" skipped="0" tests="259" name="com.runwaysdk.FacadeTestSuite_MavenTest">
  <properties>
    <property name="java.runtime.name" value="OpenJDK Runtime Environment"/>
    <property name="sun.boot.library.path" value="/usr/lib/jvm/java-6-openjdk-amd64/jre/lib/amd64"/>
    <property name="java.vm.version" value="20.0-b12"/>
    <property name="java.vm.vendor" value="Sun Microsystems Inc."/>
    <property name="java.vendor.url" value="http://java.sun.com/"/>
    <property name="path.separator" value=":"/>
    <property name="java.vm.name" value="OpenJDK 64-Bit Server VM"/>
    <property name="file.encoding.pkg" value="sun.io"/>
    <property name="user.country" value="US"/>
    <property name="sun.java.launcher" value="SUN_STANDARD"/>
    <property name="sun.os.patch.level" value="unknown"/>
    <property name="java.vm.specification.name" value="Java Virtual Machine Specification"/>
    <property name="user.dir" value="/usr/share/tomcat6/.hudson/jobs/Test Runway/workspace/runwaysdk-test"/>
    <property name="java.runtime.version" value="1.6.0_24-b24"/>
    <property name="java.awt.graphicsenv" value="sun.awt.X11GraphicsEnvironment"/>
    <property name="basedir" value="/usr/share/tomcat6/.hudson/jobs/Test Runway/workspace/runwaysdk-test"/>
    <property name="java.endorsed.dirs" value="/usr/lib/jvm/java-6-openjdk-amd64/jre/lib/endorsed"/>
    <property name="os.arch" value="amd64"/>
    <property name="surefire.real.class.path" value="/usr/share/tomcat6/.hudson/jobs/Test Runway/workspace/runwaysdk-test/target/surefire/surefirebooter508021213626812293.jar"/>
    <property name="java.io.tmpdir" value="/tmp"/>
    <property name="line.separator" value="
"/>
    <property name="java.vm.specification.vendor" value="Sun Microsystems Inc."/>
    <property name="os.name" value="Linux"/>
    <property name="maven.ext.class.path" value="/usr/share/tomcat6/.hudson/maven/slavebundle/resources:/usr/share/tomcat6/.hudson/maven/slavebundle/lib/maven3-eventspy-3.0.jar:/var/lib/tomcat6/webapps/hudson/WEB-INF/lib/hudson-remoting-3.0.0.jar"/>
    <property name="root.user" value="postgres"/>
    <property name="sun.jnu.encoding" value="UTF-8"/>
    <property name="java.library.path" value="/usr/lib/jvm/java-6-openjdk-amd64/jre/lib/amd64/server:/usr/lib/jvm/java-6-openjdk-amd64/jre/lib/amd64:/usr/lib/jvm/java-6-openjdk-amd64/jre/../lib/amd64:/usr/java/packages/lib/amd64:/usr/lib/x86_64-linux-gnu/jni:/lib/x86_64-linux-gnu:/usr/lib/x86_64-linux-gnu:/usr/lib/jni:/lib:/usr/lib"/>
    <property name="surefire.test.class.path" value="/usr/share/tomcat6/.hudson/jobs/Test Runway/workspace/runwaysdk-test/target/test-classes:/usr/share/tomcat6/.hudson/jobs/Test Runway/workspace/runwaysdk-test/target/classes:/usr/share/tomcat6/.m2/repository/junit/junit/3.8.1/junit-3.8.1.jar:/usr/share/tomcat6/.m2/repository/com/runwaysdk/runwaysdk-client/0.0.1-SNAPSHOT/runwaysdk-client-0.0.1-SNAPSHOT.jar:/usr/share/tomcat6/.m2/repository/com/runwaysdk/runwaysdk-common/0.0.1-SNAPSHOT/runwaysdk-common-0.0.1-SNAPSHOT.jar:/usr/share/tomcat6/.m2/repository/org/json/json/20090211/json-20090211.jar:/usr/share/tomcat6/.m2/repository/log4j/log4j/1.2.17/log4j-1.2.17.jar:/usr/share/tomcat6/.m2/repository/org/apache/ant/ant/1.8.4/ant-1.8.4.jar:/usr/share/tomcat6/.m2/repository/org/apache/ant/ant-launcher/1.8.4/ant-launcher-1.8.4.jar:/usr/share/tomcat6/.m2/repository/commons-lang/commons-lang/2.6/commons-lang-2.6.jar:/usr/share/tomcat6/.m2/repository/net/sf/ehcache/ehcache-core/2.6.2/ehcache-core-2.6.2.jar:/usr/share/tomcat6/.m2/repository/org/slf4j/slf4j-api/1.6.1/slf4j-api-1.6.1.jar:/usr/share/tomcat6/.m2/repository/com/healthmarketscience/rmiio/rmiio/2.0.3/rmiio-2.0.3.jar:/usr/share/tomcat6/.m2/repository/org/apache/tomcat/catalina/6.0.36/catalina-6.0.36.jar:/usr/share/tomcat6/.m2/repository/org/apache/tomcat/servlet-api/6.0.36/servlet-api-6.0.36.jar:/usr/share/tomcat6/.m2/repository/org/apache/tomcat/juli/6.0.36/juli-6.0.36.jar:/usr/share/tomcat6/.m2/repository/org/apache/tomcat/annotations-api/6.0.36/annotations-api-6.0.36.jar:/usr/share/tomcat6/.m2/repository/asm/asm/3.3.1/asm-3.3.1.jar:/usr/share/tomcat6/.m2/repository/com/terraframe/UTF8Resource/1.0/UTF8Resource-1.0.jar:/usr/share/tomcat6/.m2/repository/org/apache/axis/axis-jaxrpc/1.4/axis-jaxrpc-1.4.jar:/usr/share/tomcat6/.m2/repository/org/apache/axis/axis/1.4/axis-1.4.jar:/usr/share/tomcat6/.m2/repository/javax/servlet/javax.servlet-api/3.0.1/javax.servlet-api-3.0.1.jar:/usr/share/tomcat6/.m2/repository/javax/servlet/jsp/javax.servlet.jsp-api/2.2.1/javax.servlet.jsp-api-2.2.1.jar:/usr/share/tomcat6/.m2/repository/javax/servlet/jsp/jstl/javax.servlet.jsp.jstl-api/1.2.1/javax.servlet.jsp.jstl-api-1.2.1.jar:/usr/share/tomcat6/.m2/repository/commons-fileupload/commons-fileupload/1.2.2/commons-fileupload-1.2.2.jar:/usr/share/tomcat6/.m2/repository/com/scand/fileupload/fileupload-progress/1.0/fileupload-progress-1.0.jar:/usr/share/tomcat6/.m2/repository/com/runwaysdk/runwaysdk-server/0.0.1-SNAPSHOT/runwaysdk-server-0.0.1-SNAPSHOT.jar:/usr/share/tomcat6/.m2/repository/org/aspectj/aspectjweaver/1.6.11/aspectjweaver-1.6.11.jar:/usr/share/tomcat6/.m2/repository/org/aspectj/aspectjtools/1.6.11/aspectjtools-1.6.11.jar:/usr/share/tomcat6/.m2/repository/org/apache/tomcat/catalina-ant/6.0.36/catalina-ant-6.0.36.jar:/usr/share/tomcat6/.m2/repository/org/apache/tomcat/coyote/6.0.36/coyote-6.0.36.jar:/usr/share/tomcat6/.m2/repository/commons-collections/commons-collections/3.2.1/commons-collections-3.2.1.jar:/usr/share/tomcat6/.m2/repository/commons-dbcp/commons-dbcp/1.4/commons-dbcp-1.4.jar:/usr/share/tomcat6/.m2/repository/commons-pool/commons-pool/1.5.4/commons-pool-1.5.4.jar:/usr/share/tomcat6/.m2/repository/commons-discovery/commons-discovery/0.5/commons-discovery-0.5.jar:/usr/share/tomcat6/.m2/repository/commons-httpclient/commons-httpclient/3.1/commons-httpclient-3.1.jar:/usr/share/tomcat6/.m2/repository/commons-logging/commons-logging/1.1/commons-logging-1.1.jar:/usr/share/tomcat6/.m2/repository/logkit/logkit/1.0.1/logkit-1.0.1.jar:/usr/share/tomcat6/.m2/repository/avalon-framework/avalon-framework/4.1.3/avalon-framework-4.1.3.jar:/usr/share/tomcat6/.m2/repository/javax/servlet/servlet-api/2.3/servlet-api-2.3.jar:/usr/share/tomcat6/.m2/repository/commons-math/commons-math/1.2/commons-math-1.2.jar:/usr/share/tomcat6/.m2/repository/com/googlecode/t7mp/ecj362/1.0.1/ecj362-1.0.1.jar:/usr/share/tomcat6/.m2/repository/javax/mail/mail/1.4.5/mail-1.4.5.jar:/usr/share/tomcat6/.m2/repository/javax/activation/activation/1.1/activation-1.1.jar:/usr/share/tomcat6/.m2/repository/com/google/inject/guice/3.0/guice-3.0.jar:/usr/share/tomcat6/.m2/repository/javax/inject/javax.inject/1/javax.inject-1.jar:/usr/share/tomcat6/.m2/repository/aopalliance/aopalliance/1.0/aopalliance-1.0.jar:/usr/share/tomcat6/.m2/repository/org/hsqldb/hsqldb/2.2.9/hsqldb-2.2.9.jar:/usr/share/tomcat6/.m2/repository/mysql/mysql-connector-java/5.1.22/mysql-connector-java-5.1.22.jar:/usr/share/tomcat6/.m2/repository/postgresql/postgresql/9.1-901-1.jdbc4/postgresql-9.1-901-1.jdbc4.jar:/usr/share/tomcat6/.m2/repository/net/sourceforge/jtds/jtds/1.3.0/jtds-1.3.0.jar:/usr/share/tomcat6/.m2/repository/com/oracle/ojdbc14/1.2/ojdbc14-1.2.jar:/usr/share/tomcat6/.m2/repository/org/apache/poi/poi/3.2-FINAL/poi-3.2-FINAL.jar:/usr/share/tomcat6/.m2/repository/com/sun/xsom/xsom/20110809/xsom-20110809.jar:/usr/share/tomcat6/.m2/repository/relaxngDatatype/relaxngDatatype/20020414/relaxngDatatype-20020414.jar:/usr/share/tomcat6/.m2/repository/org/codeartisans/thirdparties/swing/org-netbeans-api-visual/2.23.1/org-netbeans-api-visual-2.23.1.jar:/usr/share/tomcat6/.m2/repository/org/codeartisans/thirdparties/swing/org-openide-util/8.6.2/org-openide-util-8.6.2.jar:/usr/share/tomcat6/.m2/repository/org/codeartisans/thirdparties/swing/org-openide-util-lookup/8.3.1/org-openide-util-lookup-8.3.1.jar:/usr/share/tomcat6/.m2/repository/org/codehaus/groovy/groovy-all/2.0.6/groovy-all-2.0.6.jar:/usr/share/tomcat6/.m2/repository/org/apache/axis/axis-ant/1.4/axis-ant-1.4.jar:/usr/share/tomcat6/.m2/repository/org/seleniumhq/selenium/selenium-java/2.22.0/selenium-java-2.22.0.jar:/usr/share/tomcat6/.m2/repository/org/seleniumhq/selenium/selenium-android-driver/2.22.0/selenium-android-driver-2.22.0.jar:/usr/share/tomcat6/.m2/repository/org/seleniumhq/selenium/selenium-remote-driver/2.22.0/selenium-remote-driver-2.22.0.jar:/usr/share/tomcat6/.m2/repository/cglib/cglib-nodep/2.1_3/cglib-nodep-2.1_3.jar:/usr/share/tomcat6/.m2/repository/com/google/guava/guava/12.0/guava-12.0.jar:/usr/share/tomcat6/.m2/repository/com/google/code/findbugs/jsr305/1.3.9/jsr305-1.3.9.jar:/usr/share/tomcat6/.m2/repository/org/seleniumhq/selenium/selenium-chrome-driver/2.22.0/selenium-chrome-driver-2.22.0.jar:/usr/share/tomcat6/.m2/repository/org/seleniumhq/selenium/selenium-htmlunit-driver/2.22.0/selenium-htmlunit-driver-2.22.0.jar:/usr/share/tomcat6/.m2/repository/org/seleniumhq/selenium/selenium-api/2.22.0/selenium-api-2.22.0.jar:/usr/share/tomcat6/.m2/repository/net/sourceforge/htmlunit/htmlunit/2.9/htmlunit-2.9.jar:/usr/share/tomcat6/.m2/repository/xalan/xalan/2.7.1/xalan-2.7.1.jar:/usr/share/tomcat6/.m2/repository/xalan/serializer/2.7.1/serializer-2.7.1.jar:/usr/share/tomcat6/.m2/repository/org/apache/httpcomponents/httpmime/4.1.2/httpmime-4.1.2.jar:/usr/share/tomcat6/.m2/repository/net/sourceforge/htmlunit/htmlunit-core-js/2.9/htmlunit-core-js-2.9.jar:/usr/share/tomcat6/.m2/repository/xerces/xercesImpl/2.9.1/xercesImpl-2.9.1.jar:/usr/share/tomcat6/.m2/repository/xml-apis/xml-apis/1.3.04/xml-apis-1.3.04.jar:/usr/share/tomcat6/.m2/repository/net/sourceforge/nekohtml/nekohtml/1.9.15/nekohtml-1.9.15.jar:/usr/share/tomcat6/.m2/repository/net/sourceforge/cssparser/cssparser/0.9.5/cssparser-0.9.5.jar:/usr/share/tomcat6/.m2/repository/org/w3c/css/sac/1.3/sac-1.3.jar:/usr/share/tomcat6/.m2/repository/org/apache/httpcomponents/httpclient/4.1.2/httpclient-4.1.2.jar:/usr/share/tomcat6/.m2/repository/org/apache/httpcomponents/httpcore/4.1.2/httpcore-4.1.2.jar:/usr/share/tomcat6/.m2/repository/org/seleniumhq/selenium/selenium-firefox-driver/2.22.0/selenium-firefox-driver-2.22.0.jar:/usr/share/tomcat6/.m2/repository/commons-io/commons-io/2.0.1/commons-io-2.0.1.jar:/usr/share/tomcat6/.m2/repository/org/apache/commons/commons-exec/1.1/commons-exec-1.1.jar:/usr/share/tomcat6/.m2/repository/org/seleniumhq/selenium/selenium-ie-driver/2.22.0/selenium-ie-driver-2.22.0.jar:/usr/share/tomcat6/.m2/repository/net/java/dev/jna/jna/3.4.0/jna-3.4.0.jar:/usr/share/tomcat6/.m2/repository/net/java/dev/jna/platform/3.4.0/platform-3.4.0.jar:/usr/share/tomcat6/.m2/repository/org/seleniumhq/selenium/selenium-iphone-driver/2.22.0/selenium-iphone-driver-2.22.0.jar:/usr/share/tomcat6/.m2/repository/org/seleniumhq/selenium/selenium-safari-driver/2.22.0/selenium-safari-driver-2.22.0.jar:/usr/share/tomcat6/.m2/repository/org/seleniumhq/selenium/selenium-support/2.22.0/selenium-support-2.22.0.jar:/usr/share/tomcat6/.m2/repository/org/webbitserver/webbit/0.4.6/webbit-0.4.6.jar:/usr/share/tomcat6/.m2/repository/org/jboss/netty/netty/3.2.7.Final/netty-3.2.7.Final.jar:/usr/share/tomcat6/.m2/repository/org/seleniumhq/selenium/selenium-server/2.28.0/selenium-server-2.28.0.jar:/usr/share/tomcat6/.m2/repository/org/bouncycastle/bcprov-jdk15on/1.47/bcprov-jdk15on-1.47.jar:/usr/share/tomcat6/.m2/repository/org/bouncycastle/bcpkix-jdk15on/1.47/bcpkix-jdk15on-1.47.jar:/usr/share/tomcat6/.m2/repository/mx4j/mx4j-tools/3.0.1/mx4j-tools-3.0.1.jar:/usr/share/tomcat6/.m2/repository/org/mortbay/jetty/servlet-api-2.5/6.1.9/servlet-api-2.5-6.1.9.jar:/usr/share/tomcat6/.m2/repository/org/seleniumhq/selenium/jetty-repacked/7.6.1/jetty-repacked-7.6.1.jar:/usr/share/tomcat6/.m2/repository/net/jcip/jcip-annotations/1.0/jcip-annotations-1.0.jar:/usr/share/tomcat6/.m2/repository/org/yaml/snakeyaml/1.8/snakeyaml-1.8.jar:/usr/share/tomcat6/.m2/repository/commons-codec/commons-codec/1.6/commons-codec-1.6.jar:/usr/share/tomcat6/.m2/repository/cactus/cactus/13-1.7.2/cactus-13-1.7.2.jar:/usr/share/tomcat6/.m2/repository/org/aspectj/aspectjrt/1.6.11/aspectjrt-1.6.11.jar:"/>
    <property name="hudson.eventspy.port" value="53233"/>
    <property name="java.specification.name" value="Java Platform API Specification"/>
    <property name="java.class.version" value="50.0"/>
    <property name="sun.management.compiler" value="HotSpot 64-Bit Tiered Compilers"/>
    <property name="os.version" value="3.2.0-24-generic"/>
    <property name="user.home" value="/usr/share/tomcat6"/>
    <property name="user.timezone" value="America/Denver"/>
    <property name="java.awt.printerjob" value="sun.print.PSPrinterJob"/>
    <property name="java.specification.version" value="1.6"/>
    <property name="file.encoding" value="UTF-8"/>
    <property name="user.name" value="tomcat6"/>
    <property name="java.class.path" value="/usr/share/tomcat6/.hudson/jobs/Test Runway/workspace/runwaysdk-test/target/test-classes:/usr/share/tomcat6/.hudson/jobs/Test Runway/workspace/runwaysdk-test/target/classes:/usr/share/tomcat6/.m2/repository/junit/junit/3.8.1/junit-3.8.1.jar:/usr/share/tomcat6/.m2/repository/com/runwaysdk/runwaysdk-client/0.0.1-SNAPSHOT/runwaysdk-client-0.0.1-SNAPSHOT.jar:/usr/share/tomcat6/.m2/repository/com/runwaysdk/runwaysdk-common/0.0.1-SNAPSHOT/runwaysdk-common-0.0.1-SNAPSHOT.jar:/usr/share/tomcat6/.m2/repository/org/json/json/20090211/json-20090211.jar:/usr/share/tomcat6/.m2/repository/log4j/log4j/1.2.17/log4j-1.2.17.jar:/usr/share/tomcat6/.m2/repository/org/apache/ant/ant/1.8.4/ant-1.8.4.jar:/usr/share/tomcat6/.m2/repository/org/apache/ant/ant-launcher/1.8.4/ant-launcher-1.8.4.jar:/usr/share/tomcat6/.m2/repository/commons-lang/commons-lang/2.6/commons-lang-2.6.jar:/usr/share/tomcat6/.m2/repository/net/sf/ehcache/ehcache-core/2.6.2/ehcache-core-2.6.2.jar:/usr/share/tomcat6/.m2/repository/org/slf4j/slf4j-api/1.6.1/slf4j-api-1.6.1.jar:/usr/share/tomcat6/.m2/repository/com/healthmarketscience/rmiio/rmiio/2.0.3/rmiio-2.0.3.jar:/usr/share/tomcat6/.m2/repository/org/apache/tomcat/catalina/6.0.36/catalina-6.0.36.jar:/usr/share/tomcat6/.m2/repository/org/apache/tomcat/servlet-api/6.0.36/servlet-api-6.0.36.jar:/usr/share/tomcat6/.m2/repository/org/apache/tomcat/juli/6.0.36/juli-6.0.36.jar:/usr/share/tomcat6/.m2/repository/org/apache/tomcat/annotations-api/6.0.36/annotations-api-6.0.36.jar:/usr/share/tomcat6/.m2/repository/asm/asm/3.3.1/asm-3.3.1.jar:/usr/share/tomcat6/.m2/repository/com/terraframe/UTF8Resource/1.0/UTF8Resource-1.0.jar:/usr/share/tomcat6/.m2/repository/org/apache/axis/axis-jaxrpc/1.4/axis-jaxrpc-1.4.jar:/usr/share/tomcat6/.m2/repository/org/apache/axis/axis/1.4/axis-1.4.jar:/usr/share/tomcat6/.m2/repository/javax/servlet/javax.servlet-api/3.0.1/javax.servlet-api-3.0.1.jar:/usr/share/tomcat6/.m2/repository/javax/servlet/jsp/javax.servlet.jsp-api/2.2.1/javax.servlet.jsp-api-2.2.1.jar:/usr/share/tomcat6/.m2/repository/javax/servlet/jsp/jstl/javax.servlet.jsp.jstl-api/1.2.1/javax.servlet.jsp.jstl-api-1.2.1.jar:/usr/share/tomcat6/.m2/repository/commons-fileupload/commons-fileupload/1.2.2/commons-fileupload-1.2.2.jar:/usr/share/tomcat6/.m2/repository/com/scand/fileupload/fileupload-progress/1.0/fileupload-progress-1.0.jar:/usr/share/tomcat6/.m2/repository/com/runwaysdk/runwaysdk-server/0.0.1-SNAPSHOT/runwaysdk-server-0.0.1-SNAPSHOT.jar:/usr/share/tomcat6/.m2/repository/org/aspectj/aspectjweaver/1.6.11/aspectjweaver-1.6.11.jar:/usr/share/tomcat6/.m2/repository/org/aspectj/aspectjtools/1.6.11/aspectjtools-1.6.11.jar:/usr/share/tomcat6/.m2/repository/org/apache/tomcat/catalina-ant/6.0.36/catalina-ant-6.0.36.jar:/usr/share/tomcat6/.m2/repository/org/apache/tomcat/coyote/6.0.36/coyote-6.0.36.jar:/usr/share/tomcat6/.m2/repository/commons-collections/commons-collections/3.2.1/commons-collections-3.2.1.jar:/usr/share/tomcat6/.m2/repository/commons-dbcp/commons-dbcp/1.4/commons-dbcp-1.4.jar:/usr/share/tomcat6/.m2/repository/commons-pool/commons-pool/1.5.4/commons-pool-1.5.4.jar:/usr/share/tomcat6/.m2/repository/commons-discovery/commons-discovery/0.5/commons-discovery-0.5.jar:/usr/share/tomcat6/.m2/repository/commons-httpclient/commons-httpclient/3.1/commons-httpclient-3.1.jar:/usr/share/tomcat6/.m2/repository/commons-logging/commons-logging/1.1/commons-logging-1.1.jar:/usr/share/tomcat6/.m2/repository/logkit/logkit/1.0.1/logkit-1.0.1.jar:/usr/share/tomcat6/.m2/repository/avalon-framework/avalon-framework/4.1.3/avalon-framework-4.1.3.jar:/usr/share/tomcat6/.m2/repository/javax/servlet/servlet-api/2.3/servlet-api-2.3.jar:/usr/share/tomcat6/.m2/repository/commons-math/commons-math/1.2/commons-math-1.2.jar:/usr/share/tomcat6/.m2/repository/com/googlecode/t7mp/ecj362/1.0.1/ecj362-1.0.1.jar:/usr/share/tomcat6/.m2/repository/javax/mail/mail/1.4.5/mail-1.4.5.jar:/usr/share/tomcat6/.m2/repository/javax/activation/activation/1.1/activation-1.1.jar:/usr/share/tomcat6/.m2/repository/com/google/inject/guice/3.0/guice-3.0.jar:/usr/share/tomcat6/.m2/repository/javax/inject/javax.inject/1/javax.inject-1.jar:/usr/share/tomcat6/.m2/repository/aopalliance/aopalliance/1.0/aopalliance-1.0.jar:/usr/share/tomcat6/.m2/repository/org/hsqldb/hsqldb/2.2.9/hsqldb-2.2.9.jar:/usr/share/tomcat6/.m2/repository/mysql/mysql-connector-java/5.1.22/mysql-connector-java-5.1.22.jar:/usr/share/tomcat6/.m2/repository/postgresql/postgresql/9.1-901-1.jdbc4/postgresql-9.1-901-1.jdbc4.jar:/usr/share/tomcat6/.m2/repository/net/sourceforge/jtds/jtds/1.3.0/jtds-1.3.0.jar:/usr/share/tomcat6/.m2/repository/com/oracle/ojdbc14/1.2/ojdbc14-1.2.jar:/usr/share/tomcat6/.m2/repository/org/apache/poi/poi/3.2-FINAL/poi-3.2-FINAL.jar:/usr/share/tomcat6/.m2/repository/com/sun/xsom/xsom/20110809/xsom-20110809.jar:/usr/share/tomcat6/.m2/repository/relaxngDatatype/relaxngDatatype/20020414/relaxngDatatype-20020414.jar:/usr/share/tomcat6/.m2/repository/org/codeartisans/thirdparties/swing/org-netbeans-api-visual/2.23.1/org-netbeans-api-visual-2.23.1.jar:/usr/share/tomcat6/.m2/repository/org/codeartisans/thirdparties/swing/org-openide-util/8.6.2/org-openide-util-8.6.2.jar:/usr/share/tomcat6/.m2/repository/org/codeartisans/thirdparties/swing/org-openide-util-lookup/8.3.1/org-openide-util-lookup-8.3.1.jar:/usr/share/tomcat6/.m2/repository/org/codehaus/groovy/groovy-all/2.0.6/groovy-all-2.0.6.jar:/usr/share/tomcat6/.m2/repository/org/apache/axis/axis-ant/1.4/axis-ant-1.4.jar:/usr/share/tomcat6/.m2/repository/org/seleniumhq/selenium/selenium-java/2.22.0/selenium-java-2.22.0.jar:/usr/share/tomcat6/.m2/repository/org/seleniumhq/selenium/selenium-android-driver/2.22.0/selenium-android-driver-2.22.0.jar:/usr/share/tomcat6/.m2/repository/org/seleniumhq/selenium/selenium-remote-driver/2.22.0/selenium-remote-driver-2.22.0.jar:/usr/share/tomcat6/.m2/repository/cglib/cglib-nodep/2.1_3/cglib-nodep-2.1_3.jar:/usr/share/tomcat6/.m2/repository/com/google/guava/guava/12.0/guava-12.0.jar:/usr/share/tomcat6/.m2/repository/com/google/code/findbugs/jsr305/1.3.9/jsr305-1.3.9.jar:/usr/share/tomcat6/.m2/repository/org/seleniumhq/selenium/selenium-chrome-driver/2.22.0/selenium-chrome-driver-2.22.0.jar:/usr/share/tomcat6/.m2/repository/org/seleniumhq/selenium/selenium-htmlunit-driver/2.22.0/selenium-htmlunit-driver-2.22.0.jar:/usr/share/tomcat6/.m2/repository/org/seleniumhq/selenium/selenium-api/2.22.0/selenium-api-2.22.0.jar:/usr/share/tomcat6/.m2/repository/net/sourceforge/htmlunit/htmlunit/2.9/htmlunit-2.9.jar:/usr/share/tomcat6/.m2/repository/xalan/xalan/2.7.1/xalan-2.7.1.jar:/usr/share/tomcat6/.m2/repository/xalan/serializer/2.7.1/serializer-2.7.1.jar:/usr/share/tomcat6/.m2/repository/org/apache/httpcomponents/httpmime/4.1.2/httpmime-4.1.2.jar:/usr/share/tomcat6/.m2/repository/net/sourceforge/htmlunit/htmlunit-core-js/2.9/htmlunit-core-js-2.9.jar:/usr/share/tomcat6/.m2/repository/xerces/xercesImpl/2.9.1/xercesImpl-2.9.1.jar:/usr/share/tomcat6/.m2/repository/xml-apis/xml-apis/1.3.04/xml-apis-1.3.04.jar:/usr/share/tomcat6/.m2/repository/net/sourceforge/nekohtml/nekohtml/1.9.15/nekohtml-1.9.15.jar:/usr/share/tomcat6/.m2/repository/net/sourceforge/cssparser/cssparser/0.9.5/cssparser-0.9.5.jar:/usr/share/tomcat6/.m2/repository/org/w3c/css/sac/1.3/sac-1.3.jar:/usr/share/tomcat6/.m2/repository/org/apache/httpcomponents/httpclient/4.1.2/httpclient-4.1.2.jar:/usr/share/tomcat6/.m2/repository/org/apache/httpcomponents/httpcore/4.1.2/httpcore-4.1.2.jar:/usr/share/tomcat6/.m2/repository/org/seleniumhq/selenium/selenium-firefox-driver/2.22.0/selenium-firefox-driver-2.22.0.jar:/usr/share/tomcat6/.m2/repository/commons-io/commons-io/2.0.1/commons-io-2.0.1.jar:/usr/share/tomcat6/.m2/repository/org/apache/commons/commons-exec/1.1/commons-exec-1.1.jar:/usr/share/tomcat6/.m2/repository/org/seleniumhq/selenium/selenium-ie-driver/2.22.0/selenium-ie-driver-2.22.0.jar:/usr/share/tomcat6/.m2/repository/net/java/dev/jna/jna/3.4.0/jna-3.4.0.jar:/usr/share/tomcat6/.m2/repository/net/java/dev/jna/platform/3.4.0/platform-3.4.0.jar:/usr/share/tomcat6/.m2/repository/org/seleniumhq/selenium/selenium-iphone-driver/2.22.0/selenium-iphone-driver-2.22.0.jar:/usr/share/tomcat6/.m2/repository/org/seleniumhq/selenium/selenium-safari-driver/2.22.0/selenium-safari-driver-2.22.0.jar:/usr/share/tomcat6/.m2/repository/org/seleniumhq/selenium/selenium-support/2.22.0/selenium-support-2.22.0.jar:/usr/share/tomcat6/.m2/repository/org/webbitserver/webbit/0.4.6/webbit-0.4.6.jar:/usr/share/tomcat6/.m2/repository/org/jboss/netty/netty/3.2.7.Final/netty-3.2.7.Final.jar:/usr/share/tomcat6/.m2/repository/org/seleniumhq/selenium/selenium-server/2.28.0/selenium-server-2.28.0.jar:/usr/share/tomcat6/.m2/repository/org/bouncycastle/bcprov-jdk15on/1.47/bcprov-jdk15on-1.47.jar:/usr/share/tomcat6/.m2/repository/org/bouncycastle/bcpkix-jdk15on/1.47/bcpkix-jdk15on-1.47.jar:/usr/share/tomcat6/.m2/repository/mx4j/mx4j-tools/3.0.1/mx4j-tools-3.0.1.jar:/usr/share/tomcat6/.m2/repository/org/mortbay/jetty/servlet-api-2.5/6.1.9/servlet-api-2.5-6.1.9.jar:/usr/share/tomcat6/.m2/repository/org/seleniumhq/selenium/jetty-repacked/7.6.1/jetty-repacked-7.6.1.jar:/usr/share/tomcat6/.m2/repository/net/jcip/jcip-annotations/1.0/jcip-annotations-1.0.jar:/usr/share/tomcat6/.m2/repository/org/yaml/snakeyaml/1.8/snakeyaml-1.8.jar:/usr/share/tomcat6/.m2/repository/commons-codec/commons-codec/1.6/commons-codec-1.6.jar:/usr/share/tomcat6/.m2/repository/cactus/cactus/13-1.7.2/cactus-13-1.7.2.jar:/usr/share/tomcat6/.m2/repository/org/aspectj/aspectjrt/1.6.11/aspectjrt-1.6.11.jar:"/>
    <property name="java.vm.specification.version" value="1.0"/>
    <property name="sun.arch.data.model" value="64"/>
    <property name="java.home" value="/usr/lib/jvm/java-6-openjdk-amd64/jre"/>
    <property name="sun.java.command" value="/usr/share/tomcat6/.hudson/jobs/Test Runway/workspace/runwaysdk-test/target/surefire/surefirebooter508021213626812293.jar /usr/share/tomcat6/.hudson/jobs/Test Runway/workspace/runwaysdk-test/target/surefire/surefire6439151107102716217tmp /usr/share/tomcat6/.hudson/jobs/Test Runway/workspace/runwaysdk-test/target/surefire/surefire1613948966543787932tmp"/>
    <property name="java.specification.vendor" value="Sun Microsystems Inc."/>
    <property name="user.language" value="en"/>
    <property name="java.vm.info" value="mixed mode"/>
    <property name="java.version" value="1.6.0_24"/>
    <property name="java.ext.dirs" value="/usr/lib/jvm/java-6-openjdk-amd64/jre/lib/ext:/usr/java/packages/lib/ext"/>
    <property name="sun.boot.class.path" value="/usr/lib/jvm/java-6-openjdk-amd64/jre/lib/resources.jar:/usr/lib/jvm/java-6-openjdk-amd64/jre/lib/rt.jar:/usr/lib/jvm/java-6-openjdk-amd64/jre/lib/sunrsasign.jar:/usr/lib/jvm/java-6-openjdk-amd64/jre/lib/jsse.jar:/usr/lib/jvm/java-6-openjdk-amd64/jre/lib/jce.jar:/usr/lib/jvm/java-6-openjdk-amd64/jre/lib/charsets.jar:/usr/lib/jvm/java-6-openjdk-amd64/jre/lib/netx.jar:/usr/lib/jvm/java-6-openjdk-amd64/jre/lib/plugin.jar:/usr/lib/jvm/java-6-openjdk-amd64/jre/lib/rhino.jar:/usr/lib/jvm/java-6-openjdk-amd64/jre/lib/modules/jdk.boot.jar:/usr/lib/jvm/java-6-openjdk-amd64/jre/classes"/>
    <property name="root.db" value="postgres"/>
    <property name="root.pass" value="postgres"/>
    <property name="java.vendor" value="Sun Microsystems Inc."/>
    <property name="localRepository" value="/usr/share/tomcat6/.m2/repository"/>
    <property name="file.separator" value="/"/>
    <property name="java.vendor.url.bug" value="http://java.sun.com/cgi-bin/bugreport.cgi"/>
    <property name="sun.cpu.endian" value="little"/>
    <property name="sun.io.unicode.encoding" value="UnicodeLittle"/>
    <property name="sun.cpu.isalist" value=""/>
  </properties>
  <testcase time="0.172" classname="com.runwaysdk.facade.AdapterTest" name="testDeleteFile"/>
  <testcase time="0.155" classname="com.runwaysdk.facade.AdapterTest" name="testBlob"/>
  <testcase time="0.758" classname="com.runwaysdk.facade.AdapterTest" name="testInstance"/>
  <testcase time="0.857" classname="com.runwaysdk.facade.AdapterTest" name="testAddChild"/>
  <testcase time="0.217" classname="com.runwaysdk.facade.AdapterTest" name="testAddParent"/>
  <testcase time="0.516" classname="com.runwaysdk.facade.AdapterTest" name="testGetChildren"/>
  <testcase time="0.517" classname="com.runwaysdk.facade.AdapterTest" name="testGetParents"/>
  <testcase time="0.006" classname="com.runwaysdk.facade.AdapterTest" name="testTypeMetadata"/>
  <testcase time="0.006" classname="com.runwaysdk.facade.AdapterTest" name="testBlobMetadata"/>
  <testcase time="0.005" classname="com.runwaysdk.facade.AdapterTest" name="testDateTimeMetadata"/>
  <testcase time="0.006" classname="com.runwaysdk.facade.AdapterTest" name="testDateMetadata"/>
  <testcase time="0.004" classname="com.runwaysdk.facade.AdapterTest" name="testTimeMetadata"/>
  <testcase time="0.003" classname="com.runwaysdk.facade.AdapterTest" name="testBooleanMetadata"/>
  <testcase time="0.003" classname="com.runwaysdk.facade.AdapterTest" name="testReferenceMetadata"/>
  <testcase time="0.003" classname="com.runwaysdk.facade.AdapterTest" name="testIntegerMetadata"/>
  <testcase time="0.003" classname="com.runwaysdk.facade.AdapterTest" name="testLongMetadata"/>
  <testcase time="0.006" classname="com.runwaysdk.facade.AdapterTest" name="testCharacterMetadata"/>
  <testcase time="0.005" classname="com.runwaysdk.facade.AdapterTest" name="testStructMetadata"/>
  <testcase time="0.006" classname="com.runwaysdk.facade.AdapterTest" name="testDecimalMetadata"/>
  <testcase time="0.005" classname="com.runwaysdk.facade.AdapterTest" name="testDoubleMetadata"/>
  <testcase time="0.003" classname="com.runwaysdk.facade.AdapterTest" name="testFloatMetadata"/>
  <testcase time="0.004" classname="com.runwaysdk.facade.AdapterTest" name="testEnumerationMetadata"/>
  <testcase time="0.003" classname="com.runwaysdk.facade.AdapterTest" name="testTextMetadata"/>
  <testcase time="0.003" classname="com.runwaysdk.facade.AdapterTest" name="testClobMetadata"/>
  <testcase time="0.003" classname="com.runwaysdk.facade.AdapterTest" name="testHashMetadata"/>
  <testcase time="0.004" classname="com.runwaysdk.facade.AdapterTest" name="testSymmetricMetadata"/>
  <testcase time="0.003" classname="com.runwaysdk.facade.AdapterTest" name="testToString"/>
  <testcase time="0.113" classname="com.runwaysdk.facade.AdapterTest" name="testUserRoleMap"/>
  <testcase time="0.018" classname="com.runwaysdk.facade.AdapterTest" name="testGetAllBusinessDTOsForEnumItems"/>
  <testcase time="0.009" classname="com.runwaysdk.facade.AdapterTest" name="testGetBusinessDTOsForEnumItems"/>
  <testcase time="0.001" classname="com.runwaysdk.facade.AdapterTest" name="testGetInvalidEnumeration"/>
  <testcase time="0.013" classname="com.runwaysdk.facade.AdapterTest" name="testEmptyValueProblem"/>
  <testcase time="0.114" classname="com.runwaysdk.facade.AdapterTest" name="testDuplicateColumnDataInDatabase">
    <error type="java.lang.AssertionError">java.lang.AssertionError
	at com.runwaysdk.facade.AdapterTest.testDuplicateColumnDataInDatabase(AdapterTest.java:1285)
</error>
  </testcase>
  <testcase time="0.112" classname="com.runwaysdk.facade.AdapterTest" name="testDuplicateGroupColumnIndexInDatabase">
    <error type="java.lang.AssertionError">java.lang.AssertionError
	at com.runwaysdk.facade.AdapterTest.testDuplicateGroupColumnIndexInDatabase(AdapterTest.java:1317)
</error>
  </testcase>
  <testcase time="0.857" classname="com.runwaysdk.facade.AdapterTest" name="testGroovyObjectQuery"/>
  <testcase time="0.326" classname="com.runwaysdk.facade.AdapterTest" name="testJSONObjectQuery"/>
  <testcase time="0.444" classname="com.runwaysdk.facade.AdapterTest" name="testGroovyValueQuery"/>
  <testcase time="1.046" classname="com.runwaysdk.facade.AdapterTest" name="testGetChildRelationships"/>
  <testcase time="0.557" classname="com.runwaysdk.facade.AdapterTest" name="testGetParentRelationships"/>
  <testcase time="0.26" classname="com.runwaysdk.facade.AdapterTest" name="testDeleteChild"/>
  <testcase time="0.531" classname="com.runwaysdk.facade.AdapterTest" name="testDeleteChildren"/>
  <testcase time="0.526" classname="com.runwaysdk.facade.AdapterTest" name="testDeleteParents"/>
  <testcase time="0.266" classname="com.runwaysdk.facade.AdapterTest" name="testDeleteParent"/>
  <testcase time="0.107" classname="com.runwaysdk.facade.AdapterTest" name="testAddChildInvalid"/>
  <testcase time="0.125" classname="com.runwaysdk.facade.AdapterTest" name="testAddParentInvalid"/>
  <testcase time="0.184" classname="com.runwaysdk.facade.AdapterTest" name="testUpdateEntity"/>
  <testcase time="0.166" classname="com.runwaysdk.facade.AdapterTest" name="testImmutableAttributeEntity"/>
  <testcase time="0.2" classname="com.runwaysdk.facade.AdapterTest" name="testUpateEntityInvalid"/>
  <testcase time="0.13" classname="com.runwaysdk.facade.AdapterTest" name="testDeleteEntity"/>
  <testcase time="0.002" classname="com.runwaysdk.facade.AdapterTest" name="testDeleteEntityInvalid"/>
  <testcase time="0.007" classname="com.runwaysdk.facade.AdapterTest" name="testNewInstance"/>
  <testcase time="0.001" classname="com.runwaysdk.facade.AdapterTest" name="testNewInstanceInvalid"/>
  <testcase time="0.118" classname="com.runwaysdk.facade.AdapterTest" name="testGetAllInstances"/>
  <testcase time="0.099" classname="com.runwaysdk.facade.AdapterTest" name="testSameId"/>
  <testcase time="0.006" classname="com.runwaysdk.facade.AdapterTest" name="testGetAllInstancesEmpty"/>
  <testcase time="0.006" classname="com.runwaysdk.facade.AdapterTest" name="testGetAllInstancesNullSortAttribute"/>
  <testcase time="0.006" classname="com.runwaysdk.facade.AdapterTest" name="testGetAllInstancesNegativePageSize"/>
  <testcase time="0.005" classname="com.runwaysdk.facade.AdapterTest" name="testGetAllInstancesNegativePageNumber"/>
  <testcase time="0.111" classname="com.runwaysdk.facade.AdapterTest" name="testGetAllInstancesInvalidPageNumber"/>
  <testcase time="0.003" classname="com.runwaysdk.facade.AdapterTest" name="testInstanceInvalid"/>
  <testcase time="3.584" classname="com.runwaysdk.facade.AdapterTest" name="testLogin"/>
  <testcase time="0.034" classname="com.runwaysdk.facade.AdapterTest" name="testLoginAnonymous"/>
  <testcase time="3.571" classname="com.runwaysdk.facade.AdapterTest" name="testChangeLogin"/>
  <testcase time="0.175" classname="com.runwaysdk.facade.AdapterTest" name="testGetSessionUser"/>
  <testcase time="0.017" classname="com.runwaysdk.facade.AdapterTest" name="testLoginInvalid"/>
  <testcase time="0.013" classname="com.runwaysdk.facade.AdapterTest" name="testEnumerationDTO"/>
  <testcase time="0.112" classname="com.runwaysdk.facade.AdapterTest" name="testNoAccessorConversion"/>
  <testcase time="3.597" classname="com.runwaysdk.facade.AdapterTest" name="testStructDTO"/>
  <testcase time="0.44" classname="com.runwaysdk.facade.AdapterTest" name="testTypeReadChildRelationshipsPermissions1"/>
  <testcase time="0.442" classname="com.runwaysdk.facade.AdapterTest" name="testTypeReadChildRelationshipsPermissions2"/>
  <testcase time="0.3" classname="com.runwaysdk.facade.AdapterTest" name="testInvalidTypeReadChildRelationshipsPermissions"/>
  <testcase time="0.423" classname="com.runwaysdk.facade.AdapterTest" name="testTypeReadChildrenPermissions1"/>
  <testcase time="0.41" classname="com.runwaysdk.facade.AdapterTest" name="testTypeReadChildrenPermissions2"/>
  <testcase time="0.29" classname="com.runwaysdk.facade.AdapterTest" name="testInvalidTypeReadChildrenPermissions"/>
  <testcase time="0.441" classname="com.runwaysdk.facade.AdapterTest" name="testTypeReadParentRelationshipsPermissions1"/>
  <testcase time="0.45" classname="com.runwaysdk.facade.AdapterTest" name="testTypeReadParentRelationshipsPermissions2"/>
  <testcase time="0.284" classname="com.runwaysdk.facade.AdapterTest" name="testInvalidTypeReadParentRelationshipsPermissions"/>
  <testcase time="0.341" classname="com.runwaysdk.facade.AdapterTest" name="testTypeReadParentsPermissions1"/>
  <testcase time="0.35" classname="com.runwaysdk.facade.AdapterTest" name="testTypeReadParentsPermissions2"/>
  <testcase time="0.292" classname="com.runwaysdk.facade.AdapterTest" name="testInvalidTypeReadParentsPermissions"/>
  <testcase time="1.148" classname="com.runwaysdk.facade.AdapterTest" name="testOwnerReadChildRelationshipsPermissions1"/>
  <testcase time="0.553" classname="com.runwaysdk.facade.AdapterTest" name="testInvalidOwnerReadChildRelationshipsPermissions1"/>
  <testcase time="1.169" classname="com.runwaysdk.facade.AdapterTest" name="testOwnerReadChildRelationshipsPermissions2"/>
  <testcase time="0.675" classname="com.runwaysdk.facade.AdapterTest" name="testInvalidOwnerReadChildRelationshipsPermissions2"/>
  <testcase time="0.765" classname="com.runwaysdk.facade.AdapterTest" name="testOwnerReadParentRelationshipsPermissions"/>
  <testcase time="0.736" classname="com.runwaysdk.facade.AdapterTest" name="testInvalidOwnerReadParentRelationshipsPermissions"/>
  <testcase time="1.196" classname="com.runwaysdk.facade.AdapterTest" name="testOwnerReadParentsPermissions"/>
  <testcase time="0.529" classname="com.runwaysdk.facade.AdapterTest" name="testInvalidOwnerReadParentsPermissions"/>
  <testcase time="0.416" classname="com.runwaysdk.facade.AdapterTest" name="testGrantGrantTypePermission"/>
  <testcase time="0.032" classname="com.runwaysdk.facade.AdapterTest" name="testInvalidGrantGrantPermission"/>
  <testcase time="0.031" classname="com.runwaysdk.facade.AdapterTest" name="testInvalidGrantRevokePermission"/>
  <testcase time="0.746" classname="com.runwaysdk.facade.AdapterTest" name="testGrantGrantStateAttributePermission"/>
  <testcase time="0.032" classname="com.runwaysdk.facade.AdapterTest" name="testInvalidGrantGrantStateAttributePermission"/>
  <testcase time="0.032" classname="com.runwaysdk.facade.AdapterTest" name="testInvalidGrantRevokeStateAttributePermission"/>
  <testcase time="0.602" classname="com.runwaysdk.facade.AdapterTest" name="testGrantGrantAttributePermission"/>
  <testcase time="0.033" classname="com.runwaysdk.facade.AdapterTest" name="testInvalidGrantGrantAttributePermission"/>
  <testcase time="0.03" classname="com.runwaysdk.facade.AdapterTest" name="testInvalidGrantRevokeAttributePermission"/>
  <testcase time="0.363" classname="com.runwaysdk.facade.AdapterTest" name="testGrantGrantStatePermission"/>
  <testcase time="0.033" classname="com.runwaysdk.facade.AdapterTest" name="testInvalidGrantGrantStatePermission"/>
  <testcase time="0.033" classname="com.runwaysdk.facade.AdapterTest" name="testInvalidGrantRevokeStatePermission"/>
  <testcase time="0.388" classname="com.runwaysdk.facade.AdapterTest" name="testGrantTypeReadWritePermission"/>
  <testcase time="0.35" classname="com.runwaysdk.facade.AdapterTest" name="testGrantTypeNoWritePermission"/>
  <testcase time="0.426" classname="com.runwaysdk.facade.AdapterTest" name="testGrantTypeNoReadPermission_DeveloperMessage"/>
  <testcase time="0.191" classname="com.runwaysdk.facade.AdapterTest" name="testGrantTypeNoReadPermission_NoDeveloperMessage"/>
  <testcase time="0.292" classname="com.runwaysdk.facade.AdapterTest" name="testGrantTypePermission"/>
  <testcase time="1.223" classname="com.runwaysdk.facade.AdapterTest" name="testGrantTypeReadEnumWritePermission"/>
  <testcase time="1.11" classname="com.runwaysdk.facade.AdapterTest" name="testGrantTypeNoReadEnumWritePermission"/>
  <testcase time="0.291" classname="com.runwaysdk.facade.AdapterTest" name="testGrantStatePermission"/>
  <testcase time="0.507" classname="com.runwaysdk.facade.AdapterTest" name="testGrantAttributePermission"/>
  <testcase time="0.65" classname="com.runwaysdk.facade.AdapterTest" name="testGrantStateAttributePermission"/>
  <testcase time="0.001" classname="com.runwaysdk.facade.AdapterTest" name="testGrantTypePermissionInvalid"/>
  <testcase time="0.288" classname="com.runwaysdk.facade.AdapterTest" name="testGrantTypePermissions"/>
  <testcase time="0.751" classname="com.runwaysdk.facade.AdapterTest" name="testGrantStatePermissions"/>
  <testcase time="0.515" classname="com.runwaysdk.facade.AdapterTest" name="testGrantAttributePermissions"/>
  <testcase time="0.377" classname="com.runwaysdk.facade.AdapterTest" name="testGrantAttributePermissionsInvalid"/>
  <testcase time="0.648" classname="com.runwaysdk.facade.AdapterTest" name="testGrantStateAttributePermissions"/>
  <testcase time="0.271" classname="com.runwaysdk.facade.AdapterTest" name="testGrantTypePermissionsInvalid"/>
  <testcase time="0.014" classname="com.runwaysdk.facade.AdapterTest" name="testQueryUserExactMatch"/>
  <testcase time="0.009" classname="com.runwaysdk.facade.AdapterTest" name="testQueryUserExactMatchComplicated"/>
  <testcase time="0.008" classname="com.runwaysdk.facade.AdapterTest" name="testQueryUserWildCard"/>
  <testcase time="0.268" classname="com.runwaysdk.facade.AdapterTest" name="testBusinesObjectQueryNumber"/>
  <testcase time="0.257" classname="com.runwaysdk.facade.AdapterTest" name="testBusinesObjectQueryChar"/>
  <testcase time="0.251" classname="com.runwaysdk.facade.AdapterTest" name="testViewObjectQueryChar"/>
  <testcase time="0.251" classname="com.runwaysdk.facade.AdapterTest" name="testBusinesObjectQueryBoolean"/>
  <testcase time="0.231" classname="com.runwaysdk.facade.AdapterTest" name="testViewObjectQueryBoolean"/>
  <testcase time="0.242" classname="com.runwaysdk.facade.AdapterTest" name="testBusinessRelationshipQueryMoment"/>
  <testcase time="0.24" classname="com.runwaysdk.facade.AdapterTest" name="testBusinesRelationshipQueryNumber"/>
  <testcase time="0.227" classname="com.runwaysdk.facade.AdapterTest" name="testBusinesRelationshipQueryChar"/>
  <testcase time="0.223" classname="com.runwaysdk.facade.AdapterTest" name="testBusinesRelationshipQueryBoolean"/>
  <testcase time="0.285" classname="com.runwaysdk.facade.AdapterTest" name="testBusinesObjectQueryMoment"/>
  <testcase time="0.342" classname="com.runwaysdk.facade.AdapterTest" name="testBusinesObjectQueryReadPermission"/>
  <testcase time="0.324" classname="com.runwaysdk.facade.AdapterTest" name="testViewObjectQueryReadPermission"/>
  <testcase time="0.341" classname="com.runwaysdk.facade.AdapterTest" name="testViewVirtualAttributeReadPermission"/>
  <testcase time="0.3" classname="com.runwaysdk.facade.AdapterTest" name="testViewVirtualAttributeN0ReadPermission"/>
  <testcase time="0.249" classname="com.runwaysdk.facade.AdapterTest" name="testBusinesObjectNoQueryReadPermission"/>
  <testcase time="0.242" classname="com.runwaysdk.facade.AdapterTest" name="testViewObjectNoQueryReadPermission"/>
  <testcase time="0.391" classname="com.runwaysdk.facade.AdapterTest" name="testRelationshipQueryReadPermission"/>
  <testcase time="0.249" classname="com.runwaysdk.facade.AdapterTest" name="testRelationshipQueryNoReadPermission"/>
  <testcase time="0.263" classname="com.runwaysdk.facade.AdapterTest" name="testCurrentUserLockValue"/>
  <testcase time="0.005" classname="com.runwaysdk.facade.AdapterTest" name="testMetadata"/>
  <testcase time="0.001" classname="com.runwaysdk.facade.AdapterTest" name="testRelationshipMetadata"/>
  <testcase time="0.005" classname="com.runwaysdk.facade.AdapterTest" name="testIdMetadata"/>
  <testcase time="0.037" classname="com.runwaysdk.facade.AdapterTest" name="testNewVaultFile"/>
  <testcase time="0.065" classname="com.runwaysdk.facade.AdapterTest" name="testGetVaultFile"/>
  <testcase time="0.061" classname="com.runwaysdk.facade.AdapterTest" name="testGetVaultFileNotCached"/>
  <testcase time="0.086" classname="com.runwaysdk.facade.AdapterTest" name="testNoPermissionGetVaultFile"/>
  <testcase time="0.081" classname="com.runwaysdk.facade.AdapterTest" name="testDeleteVaultFile"/>
  <testcase time="0.079" classname="com.runwaysdk.facade.AdapterTest" name="testNewFile"/>
  <testcase time="0.349" classname="com.runwaysdk.facade.AdapterTest" name="testDirectionalDeleteChild"/>
  <testcase time="0.267" classname="com.runwaysdk.facade.AdapterTest" name="testDirectionalDeleteChildInvalid"/>
  <testcase time="0.4" classname="com.runwaysdk.facade.AdapterTest" name="testDirectionalDeleteParent"/>
  <testcase time="0.342" classname="com.runwaysdk.facade.AdapterTest" name="testDirectionalDeleteParentInvalid"/>
  <testcase time="0.028" classname="com.runwaysdk.facade.AdapterTest" name="testQueryDTODefinedAttributes"/>
  <testcase time="0.255" classname="com.runwaysdk.facade.AdapterTest" name="testQueryDTObasics"/>
  <testcase time="0.001" classname="com.runwaysdk.facade.AdapterTest" name="testStructQueryDTO"/>
  <testcase time="0.001" classname="com.runwaysdk.facade.AdapterTest" name="testRelationshipQueryDTO"/>
  <testcase time="0.004" classname="com.runwaysdk.facade.AdapterTest" name="testBusinessQueryDTO"/>
  <testcase time="4.109" classname="com.runwaysdk.facade.AdapterTest" name="testImportDomainModel"/>
  <testcase time="0.035" classname="com.runwaysdk.facade.AdapterTest" name="testNoPermissionImportDomainModel"/>
  <testcase time="0.005" classname="com.runwaysdk.facade.AdapterTest" name="testAccessAdminValid"/>
  <testcase time="0.034" classname="com.runwaysdk.facade.AdapterTest" name="testAccessAdminInvalid"/>
  <testcase time="0.087" classname="com.runwaysdk.facade.AdapterTest" name="testProxyLoggedIn"/>
  <testcase time="0.018" classname="com.runwaysdk.facade.ViewDTOAdapterTest" name="testBlob"/>
  <testcase time="0.007" classname="com.runwaysdk.facade.ViewDTOAdapterTest" name="testInstance"/>
  <testcase time="0.002" classname="com.runwaysdk.facade.ViewDTOAdapterTest" name="testBlobMetadata"/>
  <testcase time="0.002" classname="com.runwaysdk.facade.ViewDTOAdapterTest" name="testDateTimeMetadata"/>
  <testcase time="0.002" classname="com.runwaysdk.facade.ViewDTOAdapterTest" name="testDateMetadata"/>
  <testcase time="0.002" classname="com.runwaysdk.facade.ViewDTOAdapterTest" name="testTimeMetadata"/>
  <testcase time="0.002" classname="com.runwaysdk.facade.ViewDTOAdapterTest" name="testBooleanMetadata"/>
  <testcase time="0.002" classname="com.runwaysdk.facade.ViewDTOAdapterTest" name="testReferenceMetadata"/>
  <testcase time="0.002" classname="com.runwaysdk.facade.ViewDTOAdapterTest" name="testIntegerMetadata"/>
  <testcase time="0.002" classname="com.runwaysdk.facade.ViewDTOAdapterTest" name="testLongMetadata"/>
  <testcase time="0.002" classname="com.runwaysdk.facade.ViewDTOAdapterTest" name="testCharacterMetadata"/>
  <testcase time="0.002" classname="com.runwaysdk.facade.ViewDTOAdapterTest" name="testStructMetadata"/>
  <testcase time="0.005" classname="com.runwaysdk.facade.ViewDTOAdapterTest" name="testDecimalMetadata"/>
  <testcase time="0.003" classname="com.runwaysdk.facade.ViewDTOAdapterTest" name="testDoubleMetadata"/>
  <testcase time="0.002" classname="com.runwaysdk.facade.ViewDTOAdapterTest" name="testFloatMetadata"/>
  <testcase time="0.003" classname="com.runwaysdk.facade.ViewDTOAdapterTest" name="testEnumerationMetadata"/>
  <testcase time="0.002" classname="com.runwaysdk.facade.ViewDTOAdapterTest" name="testTextMetadata"/>
  <testcase time="0.001" classname="com.runwaysdk.facade.ViewDTOAdapterTest" name="testClobMetadata"/>
  <testcase time="0.001" classname="com.runwaysdk.facade.ViewDTOAdapterTest" name="testHashMetadata"/>
  <testcase time="0.002" classname="com.runwaysdk.facade.ViewDTOAdapterTest" name="testSymmetricMetadata"/>
  <testcase time="0.002" classname="com.runwaysdk.facade.ViewDTOAdapterTest" name="testToString"/>
  <testcase time="0.002" classname="com.runwaysdk.facade.ViewDTOAdapterTest" name="testNewInstance"/>
  <testcase time="0.001" classname="com.runwaysdk.facade.ViewDTOAdapterTest" name="testNewInstanceInvalid"/>
  <testcase time="0.001" classname="com.runwaysdk.facade.ViewDTOAdapterTest" name="testInstanceInvalid"/>
  <testcase time="0.008" classname="com.runwaysdk.facade.ViewDTOAdapterTest" name="testStructDTO"/>
  <testcase time="0.089" classname="com.runwaysdk.facade.ViewDTOAdapterTest" name="testGrantTypeReadWritePermission"/>
  <testcase time="0.084" classname="com.runwaysdk.facade.ViewDTOAdapterTest" name="testGrantTypeNoWritePermission"/>
  <testcase time="0.131" classname="com.runwaysdk.facade.ViewDTOAdapterTest" name="testGrantAttributePermission"/>
  <testcase time="0.002" classname="com.runwaysdk.facade.ViewDTOAdapterTest" name="testGrantTypePermissionInvalid"/>
  <testcase time="0.08" classname="com.runwaysdk.facade.ViewDTOAdapterTest" name="testGrantTypePermissions"/>
  <testcase time="0.137" classname="com.runwaysdk.facade.ViewDTOAdapterTest" name="testGrantAttributePermissions"/>
  <testcase time="0.099" classname="com.runwaysdk.facade.ViewDTOAdapterTest" name="testGrantAttributePermissionsInvalid"/>
  <testcase time="0.264" classname="com.runwaysdk.facade.ViewDTOAdapterTest" name="testGrantTypePermissionsInvalid"/>
  <testcase time="0.004" classname="com.runwaysdk.facade.ViewDTOAdapterTest" name="testMetadata"/>
  <testcase time="0.004" classname="com.runwaysdk.facade.ViewDTOAdapterTest" name="testIdMetadata"/>
  <testcase time="0.009" classname="com.runwaysdk.facade.ViewDTOAdapterTest" name="testUpateSessionComponentInvalid"/>
  <testcase time="0.006" classname="com.runwaysdk.facade.ViewDTOAdapterTest" name="testDeleteSessionComponent"/>
  <testcase time="0" classname="com.runwaysdk.facade.ViewDTOAdapterTest" name="testDeleteSessionInvalid"/>
  <testcase time="0.154" classname="com.runwaysdk.facade.ViewDTOAdapterTest" name="testGrantTypeNoReadPermission"/>
  <testcase time="0.142" classname="com.runwaysdk.facade.ViewDTOAdapterTest" name="testGrantOwnerReadPermission"/>
  <testcase time="0.092" classname="com.runwaysdk.facade.ViewDTOAdapterTest" name="testInvalidGrantOwnerReadPermission"/>
  <testcase time="0.022" classname="com.runwaysdk.facade.UtilDTOAdapterTest" name="testBlob"/>
  <testcase time="0.006" classname="com.runwaysdk.facade.UtilDTOAdapterTest" name="testInstance"/>
  <testcase time="0.002" classname="com.runwaysdk.facade.UtilDTOAdapterTest" name="testBlobMetadata"/>
  <testcase time="0.002" classname="com.runwaysdk.facade.UtilDTOAdapterTest" name="testDateTimeMetadata"/>
  <testcase time="0.002" classname="com.runwaysdk.facade.UtilDTOAdapterTest" name="testDateMetadata"/>
  <testcase time="0.002" classname="com.runwaysdk.facade.UtilDTOAdapterTest" name="testTimeMetadata"/>
  <testcase time="0.002" classname="com.runwaysdk.facade.UtilDTOAdapterTest" name="testBooleanMetadata"/>
  <testcase time="0.001" classname="com.runwaysdk.facade.UtilDTOAdapterTest" name="testReferenceMetadata"/>
  <testcase time="0.001" classname="com.runwaysdk.facade.UtilDTOAdapterTest" name="testIntegerMetadata"/>
  <testcase time="0.002" classname="com.runwaysdk.facade.UtilDTOAdapterTest" name="testLongMetadata"/>
  <testcase time="0.003" classname="com.runwaysdk.facade.UtilDTOAdapterTest" name="testCharacterMetadata"/>
  <testcase time="0.001" classname="com.runwaysdk.facade.UtilDTOAdapterTest" name="testStructMetadata"/>
  <testcase time="0.005" classname="com.runwaysdk.facade.UtilDTOAdapterTest" name="testDecimalMetadata"/>
  <testcase time="0.003" classname="com.runwaysdk.facade.UtilDTOAdapterTest" name="testDoubleMetadata"/>
  <testcase time="0.002" classname="com.runwaysdk.facade.UtilDTOAdapterTest" name="testFloatMetadata"/>
  <testcase time="0.002" classname="com.runwaysdk.facade.UtilDTOAdapterTest" name="testEnumerationMetadata"/>
  <testcase time="0.002" classname="com.runwaysdk.facade.UtilDTOAdapterTest" name="testTextMetadata"/>
  <testcase time="0.002" classname="com.runwaysdk.facade.UtilDTOAdapterTest" name="testClobMetadata"/>
  <testcase time="0.002" classname="com.runwaysdk.facade.UtilDTOAdapterTest" name="testHashMetadata"/>
  <testcase time="0.002" classname="com.runwaysdk.facade.UtilDTOAdapterTest" name="testSymmetricMetadata"/>
  <testcase time="0.001" classname="com.runwaysdk.facade.UtilDTOAdapterTest" name="testToString"/>
  <testcase time="0.002" classname="com.runwaysdk.facade.UtilDTOAdapterTest" name="testNewInstance"/>
  <testcase time="0.001" classname="com.runwaysdk.facade.UtilDTOAdapterTest" name="testNewInstanceInvalid"/>
  <testcase time="0.001" classname="com.runwaysdk.facade.UtilDTOAdapterTest" name="testInstanceInvalid"/>
  <testcase time="0.008" classname="com.runwaysdk.facade.UtilDTOAdapterTest" name="testStructDTO"/>
  <testcase time="0.09" classname="com.runwaysdk.facade.UtilDTOAdapterTest" name="testGrantTypeReadWritePermission"/>
  <testcase time="0.09" classname="com.runwaysdk.facade.UtilDTOAdapterTest" name="testGrantTypeNoWritePermission"/>
  <testcase time="0.123" classname="com.runwaysdk.facade.UtilDTOAdapterTest" name="testGrantAttributePermission"/>
  <testcase time="0.002" classname="com.runwaysdk.facade.UtilDTOAdapterTest" name="testGrantTypePermissionInvalid"/>
  <testcase time="0.08" classname="com.runwaysdk.facade.UtilDTOAdapterTest" name="testGrantTypePermissions"/>
  <testcase time="0.145" classname="com.runwaysdk.facade.UtilDTOAdapterTest" name="testGrantAttributePermissions"/>
  <testcase time="0.091" classname="com.runwaysdk.facade.UtilDTOAdapterTest" name="testGrantAttributePermissionsInvalid"/>
  <testcase time="0.132" classname="com.runwaysdk.facade.UtilDTOAdapterTest" name="testGrantTypePermissionsInvalid"/>
  <testcase time="0.004" classname="com.runwaysdk.facade.UtilDTOAdapterTest" name="testMetadata"/>
  <testcase time="0.003" classname="com.runwaysdk.facade.UtilDTOAdapterTest" name="testIdMetadata"/>
  <testcase time="0.013" classname="com.runwaysdk.facade.UtilDTOAdapterTest" name="testUpateSessionComponentInvalid"/>
  <testcase time="0.006" classname="com.runwaysdk.facade.UtilDTOAdapterTest" name="testDeleteSessionComponent"/>
  <testcase time="0.001" classname="com.runwaysdk.facade.UtilDTOAdapterTest" name="testDeleteSessionInvalid"/>
  <testcase time="0.083" classname="com.runwaysdk.facade.UtilDTOAdapterTest" name="testGrantTypeNoReadPermission"/>
  <testcase time="0.142" classname="com.runwaysdk.facade.UtilDTOAdapterTest" name="testGrantOwnerReadPermission"/>
  <testcase time="0.1" classname="com.runwaysdk.facade.UtilDTOAdapterTest" name="testInvalidGrantOwnerReadPermission"/>
  <testcase time="56.761" classname="com.runwaysdk.facade.InvokeMethodTest$1" name="junit.framework.TestSuite@28554dfe">
    <error message="Your request created compile errors in business classes.

/usr/share/tomcat6/.hudson/jobs/Test Runway/workspace/runwaysdk-test/src/main/java-gen/server/stub/test/generated/Collection.java:177 [error] The constructor ValueQueryExcelExporter(ValueQuery, String) is undefined
com.runwaysdk.query.ValueQueryExcelExpor..." type="com.runwaysdk.business.generation.CompilerExceptionDTO">com.runwaysdk.business.generation.CompilerExceptionDTO: Your request created compile errors in business classes.
/usr/share/tomcat6/.hudson/jobs/Test Runway/workspace/runwaysdk-test/src/main/java-gen/server/stub/test/generated/Collection.java:177 [error] The constructor ValueQueryExcelExporter(ValueQuery, String) is undefined
com.runwaysdk.query.ValueQueryExcelExpor...
	at sun.reflect.NativeConstructorAccessorImpl.newInstance0(Native Method)
	at sun.reflect.NativeConstructorAccessorImpl.newInstance(NativeConstructorAccessorImpl.java:57)
	at sun.reflect.DelegatingConstructorAccessorImpl.newInstance(DelegatingConstructorAccessorImpl.java:45)
	at java.lang.reflect.Constructor.newInstance(Constructor.java:532)
	at com.runwaysdk.transport.conversion.ConversionFacade.buildRunwayExceptionDTO(ConversionFacade.java:1935)
	at com.runwaysdk.transport.conversion.ClientConversionFacade.buildThrowable(ClientConversionFacade.java:369)
	at com.runwaysdk.transport.conversion.ClientConversionFacade.buildThrowable(ClientConversionFacade.java:59)
	at com.runwaysdk.request.JavaClientRequest.update(JavaClientRequest.java:731)
	at com.runwaysdk.facade.InvokeMethodTestBase.finalizeSetup(InvokeMethodTestBase.java:647)
	at com.runwaysdk.facade.InvokeMethodTest$1.setUp(InvokeMethodTest.java:76)
	at junit.extensions.TestSetup$1.protect(TestSetup.java:18)
	at junit.framework.TestResult.runProtected(TestResult.java:124)
	at junit.extensions.TestSetup.run(TestSetup.java:23)
	at junit.framework.TestSuite.runTest(TestSuite.java:208)
	at junit.framework.TestSuite.run(TestSuite.java:203)
	at sun.reflect.NativeMethodAccessorImpl.invoke0(Native Method)
	at sun.reflect.NativeMethodAccessorImpl.invoke(NativeMethodAccessorImpl.java:57)
	at sun.reflect.DelegatingMethodAccessorImpl.invoke(DelegatingMethodAccessorImpl.java:43)
	at java.lang.reflect.Method.invoke(Method.java:616)
	at org.apache.maven.surefire.junit.JUnitTestSet.execute(JUnitTestSet.java:98)
	at org.apache.maven.surefire.junit.JUnit3Provider.executeTestSet(JUnit3Provider.java:107)
	at org.apache.maven.surefire.junit.JUnit3Provider.invoke(JUnit3Provider.java:84)
	at sun.reflect.NativeMethodAccessorImpl.invoke0(Native Method)
	at sun.reflect.NativeMethodAccessorImpl.invoke(NativeMethodAccessorImpl.java:57)
	at sun.reflect.DelegatingMethodAccessorImpl.invoke(DelegatingMethodAccessorImpl.java:43)
	at java.lang.reflect.Method.invoke(Method.java:616)
	at org.apache.maven.surefire.booter.ProviderFactory$ClassLoaderProxy.invoke(ProviderFactory.java:103)
	at $Proxy0.invoke(Unknown Source)
	at org.apache.maven.surefire.booter.SurefireStarter.invokeProvider(SurefireStarter.java:150)
	at org.apache.maven.surefire.booter.SurefireStarter.runSuitesInProcess(SurefireStarter.java:91)
	at org.apache.maven.surefire.booter.ForkedBooter.main(ForkedBooter.java:69)
</error>
  </testcase>
  <testcase time="56.776" classname="com.runwaysdk.facade.InvokeUtilDTOMethodTest$1" name="junit.framework.TestSuite@1a3a11f">
    <error message="The user [SYSTEM] has the maximum number of sessions open." type="com.runwaysdk.session.MaximumSessionsExceptionDTO">com.runwaysdk.session.MaximumSessionsExceptionDTO: The user [SYSTEM] has the maximum number of sessions open.
	at sun.reflect.NativeConstructorAccessorImpl.newInstance0(Native Method)
	at sun.reflect.NativeConstructorAccessorImpl.newInstance(NativeConstructorAccessorImpl.java:57)
	at sun.reflect.DelegatingConstructorAccessorImpl.newInstance(DelegatingConstructorAccessorImpl.java:45)
	at java.lang.reflect.Constructor.newInstance(Constructor.java:532)
	at com.runwaysdk.transport.conversion.ConversionFacade.buildRunwayExceptionDTO(ConversionFacade.java:1935)
	at com.runwaysdk.transport.conversion.ClientConversionFacade.buildThrowable(ClientConversionFacade.java:369)
	at com.runwaysdk.transport.conversion.ClientConversionFacade.buildThrowable(ClientConversionFacade.java:59)
	at com.runwaysdk.request.JavaClientRequest.login(JavaClientRequest.java:354)
	at com.runwaysdk.ClientRequest.&lt;init&gt;(ClientRequest.java:108)
	at com.runwaysdk.request.JavaClientRequest.&lt;init&gt;(JavaClientRequest.java:60)
	at sun.reflect.GeneratedConstructorAccessor17.newInstance(Unknown Source)
	at sun.reflect.DelegatingConstructorAccessorImpl.newInstance(DelegatingConstructorAccessorImpl.java:45)
	at java.lang.reflect.Constructor.newInstance(Constructor.java:532)
	at com.runwaysdk.ClientRequest.getRequest(ClientRequest.java:614)
	at com.runwaysdk.ClientSession.&lt;init&gt;(ClientSession.java:149)
	at com.runwaysdk.ClientSession.createUserSession(ClientSession.java:162)
	at com.runwaysdk.facade.InvokeUtilDTOMethodTest$1.setUp(InvokeUtilDTOMethodTest.java:43)
	at junit.extensions.TestSetup$1.protect(TestSetup.java:18)
	at junit.framework.TestResult.runProtected(TestResult.java:124)
	at junit.extensions.TestSetup.run(TestSetup.java:23)
	at junit.framework.TestSuite.runTest(TestSuite.java:208)
	at junit.framework.TestSuite.run(TestSuite.java:203)
	at sun.reflect.NativeMethodAccessorImpl.invoke0(Native Method)
	at sun.reflect.NativeMethodAccessorImpl.invoke(NativeMethodAccessorImpl.java:57)
	at sun.reflect.DelegatingMethodAccessorImpl.invoke(DelegatingMethodAccessorImpl.java:43)
	at java.lang.reflect.Method.invoke(Method.java:616)
	at org.apache.maven.surefire.junit.JUnitTestSet.execute(JUnitTestSet.java:98)
	at org.apache.maven.surefire.junit.JUnit3Provider.executeTestSet(JUnit3Provider.java:107)
	at org.apache.maven.surefire.junit.JUnit3Provider.invoke(JUnit3Provider.java:84)
	at sun.reflect.NativeMethodAccessorImpl.invoke0(Native Method)
	at sun.reflect.NativeMethodAccessorImpl.invoke(NativeMethodAccessorImpl.java:57)
	at sun.reflect.DelegatingMethodAccessorImpl.invoke(DelegatingMethodAccessorImpl.java:43)
	at java.lang.reflect.Method.invoke(Method.java:616)
	at org.apache.maven.surefire.booter.ProviderFactory$ClassLoaderProxy.invoke(ProviderFactory.java:103)
	at $Proxy0.invoke(Unknown Source)
	at org.apache.maven.surefire.booter.SurefireStarter.invokeProvider(SurefireStarter.java:150)
	at org.apache.maven.surefire.booter.SurefireStarter.runSuitesInProcess(SurefireStarter.java:91)
	at org.apache.maven.surefire.booter.ForkedBooter.main(ForkedBooter.java:69)
</error>
  </testcase>
  <testcase time="56.792" classname="com.runwaysdk.facade.InvokeViewDTOMethodTest$1" name="junit.framework.TestSuite@64c50316">
    <error message="The user [SYSTEM] has the maximum number of sessions open." type="com.runwaysdk.session.MaximumSessionsExceptionDTO">com.runwaysdk.session.MaximumSessionsExceptionDTO: The user [SYSTEM] has the maximum number of sessions open.
	at sun.reflect.NativeConstructorAccessorImpl.newInstance0(Native Method)
	at sun.reflect.NativeConstructorAccessorImpl.newInstance(NativeConstructorAccessorImpl.java:57)
	at sun.reflect.DelegatingConstructorAccessorImpl.newInstance(DelegatingConstructorAccessorImpl.java:45)
	at java.lang.reflect.Constructor.newInstance(Constructor.java:532)
	at com.runwaysdk.transport.conversion.ConversionFacade.buildRunwayExceptionDTO(ConversionFacade.java:1935)
	at com.runwaysdk.transport.conversion.ClientConversionFacade.buildThrowable(ClientConversionFacade.java:369)
	at com.runwaysdk.transport.conversion.ClientConversionFacade.buildThrowable(ClientConversionFacade.java:59)
	at com.runwaysdk.request.JavaClientRequest.login(JavaClientRequest.java:354)
	at com.runwaysdk.ClientRequest.&lt;init&gt;(ClientRequest.java:108)
	at com.runwaysdk.request.JavaClientRequest.&lt;init&gt;(JavaClientRequest.java:60)
	at sun.reflect.GeneratedConstructorAccessor17.newInstance(Unknown Source)
	at sun.reflect.DelegatingConstructorAccessorImpl.newInstance(DelegatingConstructorAccessorImpl.java:45)
	at java.lang.reflect.Constructor.newInstance(Constructor.java:532)
	at com.runwaysdk.ClientRequest.getRequest(ClientRequest.java:614)
	at com.runwaysdk.ClientSession.&lt;init&gt;(ClientSession.java:149)
	at com.runwaysdk.ClientSession.createUserSession(ClientSession.java:162)
	at com.runwaysdk.facade.InvokeViewDTOMethodTest$1.setUp(InvokeViewDTOMethodTest.java:43)
	at junit.extensions.TestSetup$1.protect(TestSetup.java:18)
	at junit.framework.TestResult.runProtected(TestResult.java:124)
	at junit.extensions.TestSetup.run(TestSetup.java:23)
	at junit.framework.TestSuite.runTest(TestSuite.java:208)
	at junit.framework.TestSuite.run(TestSuite.java:203)
	at sun.reflect.NativeMethodAccessorImpl.invoke0(Native Method)
	at sun.reflect.NativeMethodAccessorImpl.invoke(NativeMethodAccessorImpl.java:57)
	at sun.reflect.DelegatingMethodAccessorImpl.invoke(DelegatingMethodAccessorImpl.java:43)
	at java.lang.reflect.Method.invoke(Method.java:616)
	at org.apache.maven.surefire.junit.JUnitTestSet.execute(JUnitTestSet.java:98)
	at org.apache.maven.surefire.junit.JUnit3Provider.executeTestSet(JUnit3Provider.java:107)
	at org.apache.maven.surefire.junit.JUnit3Provider.invoke(JUnit3Provider.java:84)
	at sun.reflect.NativeMethodAccessorImpl.invoke0(Native Method)
	at sun.reflect.NativeMethodAccessorImpl.invoke(NativeMethodAccessorImpl.java:57)
	at sun.reflect.DelegatingMethodAccessorImpl.invoke(DelegatingMethodAccessorImpl.java:43)
	at java.lang.reflect.Method.invoke(Method.java:616)
	at org.apache.maven.surefire.booter.ProviderFactory$ClassLoaderProxy.invoke(ProviderFactory.java:103)
	at $Proxy0.invoke(Unknown Source)
	at org.apache.maven.surefire.booter.SurefireStarter.invokeProvider(SurefireStarter.java:150)
	at org.apache.maven.surefire.booter.SurefireStarter.runSuitesInProcess(SurefireStarter.java:91)
	at org.apache.maven.surefire.booter.ForkedBooter.main(ForkedBooter.java:69)
</error>
  </testcase>
  <testcase time="56.81" classname="com.runwaysdk.facade.FacadeGenerationTest$1" name="junit.framework.TestSuite@48f4d30e">
    <error message="The user [SYSTEM] has the maximum number of sessions open." type="com.runwaysdk.session.MaximumSessionsExceptionDTO">com.runwaysdk.session.MaximumSessionsExceptionDTO: The user [SYSTEM] has the maximum number of sessions open.
	at sun.reflect.NativeConstructorAccessorImpl.newInstance0(Native Method)
	at sun.reflect.NativeConstructorAccessorImpl.newInstance(NativeConstructorAccessorImpl.java:57)
	at sun.reflect.DelegatingConstructorAccessorImpl.newInstance(DelegatingConstructorAccessorImpl.java:45)
	at java.lang.reflect.Constructor.newInstance(Constructor.java:532)
	at com.runwaysdk.transport.conversion.ConversionFacade.buildRunwayExceptionDTO(ConversionFacade.java:1935)
	at com.runwaysdk.transport.conversion.ClientConversionFacade.buildThrowable(ClientConversionFacade.java:369)
	at com.runwaysdk.transport.conversion.ClientConversionFacade.buildThrowable(ClientConversionFacade.java:59)
	at com.runwaysdk.request.JavaClientRequest.login(JavaClientRequest.java:354)
	at com.runwaysdk.ClientRequest.&lt;init&gt;(ClientRequest.java:108)
	at com.runwaysdk.request.JavaClientRequest.&lt;init&gt;(JavaClientRequest.java:60)
	at sun.reflect.GeneratedConstructorAccessor17.newInstance(Unknown Source)
	at sun.reflect.DelegatingConstructorAccessorImpl.newInstance(DelegatingConstructorAccessorImpl.java:45)
	at java.lang.reflect.Constructor.newInstance(Constructor.java:532)
	at com.runwaysdk.ClientRequest.getRequest(ClientRequest.java:614)
	at com.runwaysdk.ClientSession.&lt;init&gt;(ClientSession.java:179)
	at com.runwaysdk.ClientSession.createUserSession(ClientSession.java:194)
	at com.runwaysdk.facade.FacadeGenerationTest$1.setUp(FacadeGenerationTest.java:217)
	at junit.extensions.TestSetup$1.protect(TestSetup.java:18)
	at junit.framework.TestResult.runProtected(TestResult.java:124)
	at junit.extensions.TestSetup.run(TestSetup.java:23)
	at junit.framework.TestSuite.runTest(TestSuite.java:208)
	at junit.framework.TestSuite.run(TestSuite.java:203)
	at sun.reflect.NativeMethodAccessorImpl.invoke0(Native Method)
	at sun.reflect.NativeMethodAccessorImpl.invoke(NativeMethodAccessorImpl.java:57)
	at sun.reflect.DelegatingMethodAccessorImpl.invoke(DelegatingMethodAccessorImpl.java:43)
	at java.lang.reflect.Method.invoke(Method.java:616)
	at org.apache.maven.surefire.junit.JUnitTestSet.execute(JUnitTestSet.java:98)
	at org.apache.maven.surefire.junit.JUnit3Provider.executeTestSet(JUnit3Provider.java:107)
	at org.apache.maven.surefire.junit.JUnit3Provider.invoke(JUnit3Provider.java:84)
	at sun.reflect.NativeMethodAccessorImpl.invoke0(Native Method)
	at sun.reflect.NativeMethodAccessorImpl.invoke(NativeMethodAccessorImpl.java:57)
	at sun.reflect.DelegatingMethodAccessorImpl.invoke(DelegatingMethodAccessorImpl.java:43)
	at java.lang.reflect.Method.invoke(Method.java:616)
	at org.apache.maven.surefire.booter.ProviderFactory$ClassLoaderProxy.invoke(ProviderFactory.java:103)
	at $Proxy0.invoke(Unknown Source)
	at org.apache.maven.surefire.booter.SurefireStarter.invokeProvider(SurefireStarter.java:150)
	at org.apache.maven.surefire.booter.SurefireStarter.runSuitesInProcess(SurefireStarter.java:91)
	at org.apache.maven.surefire.booter.ForkedBooter.main(ForkedBooter.java:69)
</error>
  </testcase>
  <testcase time="56.827" classname="com.runwaysdk.facade.MessageTest$1" name="com.runwaysdk.TestSuiteTF@2ca404b2">
    <error message="The user [SYSTEM] has the maximum number of sessions open." type="com.runwaysdk.session.MaximumSessionsExceptionDTO">com.runwaysdk.session.MaximumSessionsExceptionDTO: The user [SYSTEM] has the maximum number of sessions open.
	at sun.reflect.NativeConstructorAccessorImpl.newInstance0(Native Method)
	at sun.reflect.NativeConstructorAccessorImpl.newInstance(NativeConstructorAccessorImpl.java:57)
	at sun.reflect.DelegatingConstructorAccessorImpl.newInstance(DelegatingConstructorAccessorImpl.java:45)
	at java.lang.reflect.Constructor.newInstance(Constructor.java:532)
	at com.runwaysdk.transport.conversion.ConversionFacade.buildRunwayExceptionDTO(ConversionFacade.java:1935)
	at com.runwaysdk.transport.conversion.ClientConversionFacade.buildThrowable(ClientConversionFacade.java:369)
	at com.runwaysdk.transport.conversion.ClientConversionFacade.buildThrowable(ClientConversionFacade.java:59)
	at com.runwaysdk.request.JavaClientRequest.login(JavaClientRequest.java:354)
	at com.runwaysdk.ClientRequest.&lt;init&gt;(ClientRequest.java:108)
	at com.runwaysdk.request.JavaClientRequest.&lt;init&gt;(JavaClientRequest.java:60)
	at sun.reflect.GeneratedConstructorAccessor17.newInstance(Unknown Source)
	at sun.reflect.DelegatingConstructorAccessorImpl.newInstance(DelegatingConstructorAccessorImpl.java:45)
	at java.lang.reflect.Constructor.newInstance(Constructor.java:532)
	at com.runwaysdk.ClientRequest.getRequest(ClientRequest.java:614)
	at com.runwaysdk.ClientSession.&lt;init&gt;(ClientSession.java:179)
	at com.runwaysdk.ClientSession.createUserSession(ClientSession.java:194)
	at com.runwaysdk.facade.MessageTest$1.setUp(MessageTest.java:144)
	at junit.extensions.TestSetup$1.protect(TestSetup.java:18)
	at junit.framework.TestResult.runProtected(TestResult.java:124)
	at junit.extensions.TestSetup.run(TestSetup.java:23)
	at junit.framework.TestSuite.runTest(TestSuite.java:208)
	at junit.framework.TestSuite.run(TestSuite.java:203)
	at sun.reflect.NativeMethodAccessorImpl.invoke0(Native Method)
	at sun.reflect.NativeMethodAccessorImpl.invoke(NativeMethodAccessorImpl.java:57)
	at sun.reflect.DelegatingMethodAccessorImpl.invoke(DelegatingMethodAccessorImpl.java:43)
	at java.lang.reflect.Method.invoke(Method.java:616)
	at org.apache.maven.surefire.junit.JUnitTestSet.execute(JUnitTestSet.java:98)
	at org.apache.maven.surefire.junit.JUnit3Provider.executeTestSet(JUnit3Provider.java:107)
	at org.apache.maven.surefire.junit.JUnit3Provider.invoke(JUnit3Provider.java:84)
	at sun.reflect.NativeMethodAccessorImpl.invoke0(Native Method)
	at sun.reflect.NativeMethodAccessorImpl.invoke(NativeMethodAccessorImpl.java:57)
	at sun.reflect.DelegatingMethodAccessorImpl.invoke(DelegatingMethodAccessorImpl.java:43)
	at java.lang.reflect.Method.invoke(Method.java:616)
	at org.apache.maven.surefire.booter.ProviderFactory$ClassLoaderProxy.invoke(ProviderFactory.java:103)
	at $Proxy0.invoke(Unknown Source)
	at org.apache.maven.surefire.booter.SurefireStarter.invokeProvider(SurefireStarter.java:150)
	at org.apache.maven.surefire.booter.SurefireStarter.runSuitesInProcess(SurefireStarter.java:91)
	at org.apache.maven.surefire.booter.ForkedBooter.main(ForkedBooter.java:69)
</error>
  </testcase>
  <testcase time="56.938" classname="com.runwaysdk.facade.RMIAdapterTest$1" name="junit.framework.TestSuite@7a08ca2e">
    <error message="The user [SYSTEM] has the maximum number of sessions open." type="com.runwaysdk.session.MaximumSessionsExceptionDTO">com.runwaysdk.session.MaximumSessionsExceptionDTO: The user [SYSTEM] has the maximum number of sessions open.
	at sun.reflect.NativeConstructorAccessorImpl.newInstance0(Native Method)
	at sun.reflect.NativeConstructorAccessorImpl.newInstance(NativeConstructorAccessorImpl.java:57)
	at sun.reflect.DelegatingConstructorAccessorImpl.newInstance(DelegatingConstructorAccessorImpl.java:45)
	at java.lang.reflect.Constructor.newInstance(Constructor.java:532)
	at com.runwaysdk.transport.conversion.ConversionFacade.buildRunwayExceptionDTO(ConversionFacade.java:1935)
	at com.runwaysdk.transport.conversion.ClientConversionFacade.buildThrowable(ClientConversionFacade.java:369)
	at com.runwaysdk.transport.conversion.ClientConversionFacade.buildThrowable(ClientConversionFacade.java:59)
	at com.runwaysdk.request.RMIClientRequest.login(RMIClientRequest.java:395)
	at com.runwaysdk.ClientRequest.&lt;init&gt;(ClientRequest.java:108)
	at com.runwaysdk.request.RMIClientRequest.&lt;init&gt;(RMIClientRequest.java:98)
	at com.runwaysdk.ClientRequest.getRequest(ClientRequest.java:640)
	at com.runwaysdk.ClientSession.&lt;init&gt;(ClientSession.java:179)
	at com.runwaysdk.ClientSession.createUserSession(ClientSession.java:194)
	at com.runwaysdk.facade.RMIAdapterTest$1.setUp(RMIAdapterTest.java:31)
	at junit.extensions.TestSetup$1.protect(TestSetup.java:18)
	at junit.framework.TestResult.runProtected(TestResult.java:124)
	at junit.extensions.TestSetup.run(TestSetup.java:23)
	at junit.framework.TestSuite.runTest(TestSuite.java:208)
	at junit.framework.TestSuite.run(TestSuite.java:203)
	at sun.reflect.NativeMethodAccessorImpl.invoke0(Native Method)
	at sun.reflect.NativeMethodAccessorImpl.invoke(NativeMethodAccessorImpl.java:57)
	at sun.reflect.DelegatingMethodAccessorImpl.invoke(DelegatingMethodAccessorImpl.java:43)
	at java.lang.reflect.Method.invoke(Method.java:616)
	at org.apache.maven.surefire.junit.JUnitTestSet.execute(JUnitTestSet.java:98)
	at org.apache.maven.surefire.junit.JUnit3Provider.executeTestSet(JUnit3Provider.java:107)
	at org.apache.maven.surefire.junit.JUnit3Provider.invoke(JUnit3Provider.java:84)
	at sun.reflect.NativeMethodAccessorImpl.invoke0(Native Method)
	at sun.reflect.NativeMethodAccessorImpl.invoke(NativeMethodAccessorImpl.java:57)
	at sun.reflect.DelegatingMethodAccessorImpl.invoke(DelegatingMethodAccessorImpl.java:43)
	at java.lang.reflect.Method.invoke(Method.java:616)
	at org.apache.maven.surefire.booter.ProviderFactory$ClassLoaderProxy.invoke(ProviderFactory.java:103)
	at $Proxy0.invoke(Unknown Source)
	at org.apache.maven.surefire.booter.SurefireStarter.invokeProvider(SurefireStarter.java:150)
	at org.apache.maven.surefire.booter.SurefireStarter.runSuitesInProcess(SurefireStarter.java:91)
	at org.apache.maven.surefire.booter.ForkedBooter.main(ForkedBooter.java:69)
</error>
  </testcase>
  <testcase time="56.958" classname="com.runwaysdk.facade.RMIViewDTOAdapterTest$1" name="com.runwaysdk.TestSuiteTF@779ec51c">
    <error message="The user [SYSTEM] has the maximum number of sessions open." type="com.runwaysdk.session.MaximumSessionsExceptionDTO">com.runwaysdk.session.MaximumSessionsExceptionDTO: The user [SYSTEM] has the maximum number of sessions open.
	at sun.reflect.NativeConstructorAccessorImpl.newInstance0(Native Method)
	at sun.reflect.NativeConstructorAccessorImpl.newInstance(NativeConstructorAccessorImpl.java:57)
	at sun.reflect.DelegatingConstructorAccessorImpl.newInstance(DelegatingConstructorAccessorImpl.java:45)
	at java.lang.reflect.Constructor.newInstance(Constructor.java:532)
	at com.runwaysdk.transport.conversion.ConversionFacade.buildRunwayExceptionDTO(ConversionFacade.java:1935)
	at com.runwaysdk.transport.conversion.ClientConversionFacade.buildThrowable(ClientConversionFacade.java:369)
	at com.runwaysdk.transport.conversion.ClientConversionFacade.buildThrowable(ClientConversionFacade.java:59)
	at com.runwaysdk.request.RMIClientRequest.login(RMIClientRequest.java:395)
	at com.runwaysdk.ClientRequest.&lt;init&gt;(ClientRequest.java:108)
	at com.runwaysdk.request.RMIClientRequest.&lt;init&gt;(RMIClientRequest.java:98)
	at com.runwaysdk.ClientRequest.getRequest(ClientRequest.java:640)
	at com.runwaysdk.ClientSession.&lt;init&gt;(ClientSession.java:179)
	at com.runwaysdk.ClientSession.createUserSession(ClientSession.java:194)
	at com.runwaysdk.facade.RMIViewDTOAdapterTest$1.setUp(RMIViewDTOAdapterTest.java:29)
	at junit.extensions.TestSetup$1.protect(TestSetup.java:18)
	at junit.framework.TestResult.runProtected(TestResult.java:124)
	at junit.extensions.TestSetup.run(TestSetup.java:23)
	at junit.framework.TestSuite.runTest(TestSuite.java:208)
	at junit.framework.TestSuite.run(TestSuite.java:203)
	at sun.reflect.NativeMethodAccessorImpl.invoke0(Native Method)
	at sun.reflect.NativeMethodAccessorImpl.invoke(NativeMethodAccessorImpl.java:57)
	at sun.reflect.DelegatingMethodAccessorImpl.invoke(DelegatingMethodAccessorImpl.java:43)
	at java.lang.reflect.Method.invoke(Method.java:616)
	at org.apache.maven.surefire.junit.JUnitTestSet.execute(JUnitTestSet.java:98)
	at org.apache.maven.surefire.junit.JUnit3Provider.executeTestSet(JUnit3Provider.java:107)
	at org.apache.maven.surefire.junit.JUnit3Provider.invoke(JUnit3Provider.java:84)
	at sun.reflect.NativeMethodAccessorImpl.invoke0(Native Method)
	at sun.reflect.NativeMethodAccessorImpl.invoke(NativeMethodAccessorImpl.java:57)
	at sun.reflect.DelegatingMethodAccessorImpl.invoke(DelegatingMethodAccessorImpl.java:43)
	at java.lang.reflect.Method.invoke(Method.java:616)
	at org.apache.maven.surefire.booter.ProviderFactory$ClassLoaderProxy.invoke(ProviderFactory.java:103)
	at $Proxy0.invoke(Unknown Source)
	at org.apache.maven.surefire.booter.SurefireStarter.invokeProvider(SurefireStarter.java:150)
	at org.apache.maven.surefire.booter.SurefireStarter.runSuitesInProcess(SurefireStarter.java:91)
	at org.apache.maven.surefire.booter.ForkedBooter.main(ForkedBooter.java:69)
</error>
  </testcase>
  <testcase time="56.978" classname="com.runwaysdk.facade.RMIUtilDTOAdapterTest$1" name="com.runwaysdk.TestSuiteTF@4ef5136f">
    <error message="The user [SYSTEM] has the maximum number of sessions open." type="com.runwaysdk.session.MaximumSessionsExceptionDTO">com.runwaysdk.session.MaximumSessionsExceptionDTO: The user [SYSTEM] has the maximum number of sessions open.
	at sun.reflect.NativeConstructorAccessorImpl.newInstance0(Native Method)
	at sun.reflect.NativeConstructorAccessorImpl.newInstance(NativeConstructorAccessorImpl.java:57)
	at sun.reflect.DelegatingConstructorAccessorImpl.newInstance(DelegatingConstructorAccessorImpl.java:45)
	at java.lang.reflect.Constructor.newInstance(Constructor.java:532)
	at com.runwaysdk.transport.conversion.ConversionFacade.buildRunwayExceptionDTO(ConversionFacade.java:1935)
	at com.runwaysdk.transport.conversion.ClientConversionFacade.buildThrowable(ClientConversionFacade.java:369)
	at com.runwaysdk.transport.conversion.ClientConversionFacade.buildThrowable(ClientConversionFacade.java:59)
	at com.runwaysdk.request.RMIClientRequest.login(RMIClientRequest.java:395)
	at com.runwaysdk.ClientRequest.&lt;init&gt;(ClientRequest.java:108)
	at com.runwaysdk.request.RMIClientRequest.&lt;init&gt;(RMIClientRequest.java:98)
	at com.runwaysdk.ClientRequest.getRequest(ClientRequest.java:640)
	at com.runwaysdk.ClientSession.&lt;init&gt;(ClientSession.java:179)
	at com.runwaysdk.ClientSession.createUserSession(ClientSession.java:194)
	at com.runwaysdk.facade.RMIUtilDTOAdapterTest$1.setUp(RMIUtilDTOAdapterTest.java:29)
	at junit.extensions.TestSetup$1.protect(TestSetup.java:18)
	at junit.framework.TestResult.runProtected(TestResult.java:124)
	at junit.extensions.TestSetup.run(TestSetup.java:23)
	at junit.framework.TestSuite.runTest(TestSuite.java:208)
	at junit.framework.TestSuite.run(TestSuite.java:203)
	at sun.reflect.NativeMethodAccessorImpl.invoke0(Native Method)
	at sun.reflect.NativeMethodAccessorImpl.invoke(NativeMethodAccessorImpl.java:57)
	at sun.reflect.DelegatingMethodAccessorImpl.invoke(DelegatingMethodAccessorImpl.java:43)
	at java.lang.reflect.Method.invoke(Method.java:616)
	at org.apache.maven.surefire.junit.JUnitTestSet.execute(JUnitTestSet.java:98)
	at org.apache.maven.surefire.junit.JUnit3Provider.executeTestSet(JUnit3Provider.java:107)
	at org.apache.maven.surefire.junit.JUnit3Provider.invoke(JUnit3Provider.java:84)
	at sun.reflect.NativeMethodAccessorImpl.invoke0(Native Method)
	at sun.reflect.NativeMethodAccessorImpl.invoke(NativeMethodAccessorImpl.java:57)
	at sun.reflect.DelegatingMethodAccessorImpl.invoke(DelegatingMethodAccessorImpl.java:43)
	at java.lang.reflect.Method.invoke(Method.java:616)
	at org.apache.maven.surefire.booter.ProviderFactory$ClassLoaderProxy.invoke(ProviderFactory.java:103)
	at $Proxy0.invoke(Unknown Source)
	at org.apache.maven.surefire.booter.SurefireStarter.invokeProvider(SurefireStarter.java:150)
	at org.apache.maven.surefire.booter.SurefireStarter.runSuitesInProcess(SurefireStarter.java:91)
	at org.apache.maven.surefire.booter.ForkedBooter.main(ForkedBooter.java:69)
</error>
  </testcase>
  <testcase time="56.997" classname="com.runwaysdk.facade.RMIInvokeMethodTest$1" name="junit.framework.TestSuite@47f0fc9b">
    <error message="The user [SYSTEM] has the maximum number of sessions open." type="com.runwaysdk.session.MaximumSessionsExceptionDTO">com.runwaysdk.session.MaximumSessionsExceptionDTO: The user [SYSTEM] has the maximum number of sessions open.
	at sun.reflect.NativeConstructorAccessorImpl.newInstance0(Native Method)
	at sun.reflect.NativeConstructorAccessorImpl.newInstance(NativeConstructorAccessorImpl.java:57)
	at sun.reflect.DelegatingConstructorAccessorImpl.newInstance(DelegatingConstructorAccessorImpl.java:45)
	at java.lang.reflect.Constructor.newInstance(Constructor.java:532)
	at com.runwaysdk.transport.conversion.ConversionFacade.buildRunwayExceptionDTO(ConversionFacade.java:1935)
	at com.runwaysdk.transport.conversion.ClientConversionFacade.buildThrowable(ClientConversionFacade.java:369)
	at com.runwaysdk.transport.conversion.ClientConversionFacade.buildThrowable(ClientConversionFacade.java:59)
	at com.runwaysdk.request.RMIClientRequest.login(RMIClientRequest.java:395)
	at com.runwaysdk.ClientRequest.&lt;init&gt;(ClientRequest.java:108)
	at com.runwaysdk.request.RMIClientRequest.&lt;init&gt;(RMIClientRequest.java:98)
	at com.runwaysdk.ClientRequest.getRequest(ClientRequest.java:640)
	at com.runwaysdk.ClientSession.&lt;init&gt;(ClientSession.java:179)
	at com.runwaysdk.ClientSession.createUserSession(ClientSession.java:194)
	at com.runwaysdk.facade.RMIInvokeMethodTest$1.setUp(RMIInvokeMethodTest.java:32)
	at junit.extensions.TestSetup$1.protect(TestSetup.java:18)
	at junit.framework.TestResult.runProtected(TestResult.java:124)
	at junit.extensions.TestSetup.run(TestSetup.java:23)
	at junit.framework.TestSuite.runTest(TestSuite.java:208)
	at junit.framework.TestSuite.run(TestSuite.java:203)
	at sun.reflect.NativeMethodAccessorImpl.invoke0(Native Method)
	at sun.reflect.NativeMethodAccessorImpl.invoke(NativeMethodAccessorImpl.java:57)
	at sun.reflect.DelegatingMethodAccessorImpl.invoke(DelegatingMethodAccessorImpl.java:43)
	at java.lang.reflect.Method.invoke(Method.java:616)
	at org.apache.maven.surefire.junit.JUnitTestSet.execute(JUnitTestSet.java:98)
	at org.apache.maven.surefire.junit.JUnit3Provider.executeTestSet(JUnit3Provider.java:107)
	at org.apache.maven.surefire.junit.JUnit3Provider.invoke(JUnit3Provider.java:84)
	at sun.reflect.NativeMethodAccessorImpl.invoke0(Native Method)
	at sun.reflect.NativeMethodAccessorImpl.invoke(NativeMethodAccessorImpl.java:57)
	at sun.reflect.DelegatingMethodAccessorImpl.invoke(DelegatingMethodAccessorImpl.java:43)
	at java.lang.reflect.Method.invoke(Method.java:616)
	at org.apache.maven.surefire.booter.ProviderFactory$ClassLoaderProxy.invoke(ProviderFactory.java:103)
	at $Proxy0.invoke(Unknown Source)
	at org.apache.maven.surefire.booter.SurefireStarter.invokeProvider(SurefireStarter.java:150)
	at org.apache.maven.surefire.booter.SurefireStarter.runSuitesInProcess(SurefireStarter.java:91)
	at org.apache.maven.surefire.booter.ForkedBooter.main(ForkedBooter.java:69)
</error>
  </testcase>
  <testcase time="57.017" classname="com.runwaysdk.facade.RMIInvokeUtilDTOMethodTest$1" name="junit.framework.TestSuite@278ca565">
    <error message="The user [SYSTEM] has the maximum number of sessions open." type="com.runwaysdk.session.MaximumSessionsExceptionDTO">com.runwaysdk.session.MaximumSessionsExceptionDTO: The user [SYSTEM] has the maximum number of sessions open.
	at sun.reflect.NativeConstructorAccessorImpl.newInstance0(Native Method)
	at sun.reflect.NativeConstructorAccessorImpl.newInstance(NativeConstructorAccessorImpl.java:57)
	at sun.reflect.DelegatingConstructorAccessorImpl.newInstance(DelegatingConstructorAccessorImpl.java:45)
	at java.lang.reflect.Constructor.newInstance(Constructor.java:532)
	at com.runwaysdk.transport.conversion.ConversionFacade.buildRunwayExceptionDTO(ConversionFacade.java:1935)
	at com.runwaysdk.transport.conversion.ClientConversionFacade.buildThrowable(ClientConversionFacade.java:369)
	at com.runwaysdk.transport.conversion.ClientConversionFacade.buildThrowable(ClientConversionFacade.java:59)
	at com.runwaysdk.request.RMIClientRequest.login(RMIClientRequest.java:395)
	at com.runwaysdk.ClientRequest.&lt;init&gt;(ClientRequest.java:108)
	at com.runwaysdk.request.RMIClientRequest.&lt;init&gt;(RMIClientRequest.java:98)
	at com.runwaysdk.ClientRequest.getRequest(ClientRequest.java:640)
	at com.runwaysdk.ClientSession.&lt;init&gt;(ClientSession.java:179)
	at com.runwaysdk.ClientSession.createUserSession(ClientSession.java:194)
	at com.runwaysdk.facade.RMIInvokeUtilDTOMethodTest$1.setUp(RMIInvokeUtilDTOMethodTest.java:43)
	at junit.extensions.TestSetup$1.protect(TestSetup.java:18)
	at junit.framework.TestResult.runProtected(TestResult.java:124)
	at junit.extensions.TestSetup.run(TestSetup.java:23)
	at junit.framework.TestSuite.runTest(TestSuite.java:208)
	at junit.framework.TestSuite.run(TestSuite.java:203)
	at sun.reflect.NativeMethodAccessorImpl.invoke0(Native Method)
	at sun.reflect.NativeMethodAccessorImpl.invoke(NativeMethodAccessorImpl.java:57)
	at sun.reflect.DelegatingMethodAccessorImpl.invoke(DelegatingMethodAccessorImpl.java:43)
	at java.lang.reflect.Method.invoke(Method.java:616)
	at org.apache.maven.surefire.junit.JUnitTestSet.execute(JUnitTestSet.java:98)
	at org.apache.maven.surefire.junit.JUnit3Provider.executeTestSet(JUnit3Provider.java:107)
	at org.apache.maven.surefire.junit.JUnit3Provider.invoke(JUnit3Provider.java:84)
	at sun.reflect.NativeMethodAccessorImpl.invoke0(Native Method)
	at sun.reflect.NativeMethodAccessorImpl.invoke(NativeMethodAccessorImpl.java:57)
	at sun.reflect.DelegatingMethodAccessorImpl.invoke(DelegatingMethodAccessorImpl.java:43)
	at java.lang.reflect.Method.invoke(Method.java:616)
	at org.apache.maven.surefire.booter.ProviderFactory$ClassLoaderProxy.invoke(ProviderFactory.java:103)
	at $Proxy0.invoke(Unknown Source)
	at org.apache.maven.surefire.booter.SurefireStarter.invokeProvider(SurefireStarter.java:150)
	at org.apache.maven.surefire.booter.SurefireStarter.runSuitesInProcess(SurefireStarter.java:91)
	at org.apache.maven.surefire.booter.ForkedBooter.main(ForkedBooter.java:69)
</error>
  </testcase>
  <testcase time="57.037" classname="com.runwaysdk.facade.RMIInvokeViewDTOMethodTest$1" name="junit.framework.TestSuite@6d24f7e">
    <error message="The user [SYSTEM] has the maximum number of sessions open." type="com.runwaysdk.session.MaximumSessionsExceptionDTO">com.runwaysdk.session.MaximumSessionsExceptionDTO: The user [SYSTEM] has the maximum number of sessions open.
	at sun.reflect.NativeConstructorAccessorImpl.newInstance0(Native Method)
	at sun.reflect.NativeConstructorAccessorImpl.newInstance(NativeConstructorAccessorImpl.java:57)
	at sun.reflect.DelegatingConstructorAccessorImpl.newInstance(DelegatingConstructorAccessorImpl.java:45)
	at java.lang.reflect.Constructor.newInstance(Constructor.java:532)
	at com.runwaysdk.transport.conversion.ConversionFacade.buildRunwayExceptionDTO(ConversionFacade.java:1935)
	at com.runwaysdk.transport.conversion.ClientConversionFacade.buildThrowable(ClientConversionFacade.java:369)
	at com.runwaysdk.transport.conversion.ClientConversionFacade.buildThrowable(ClientConversionFacade.java:59)
	at com.runwaysdk.request.RMIClientRequest.login(RMIClientRequest.java:395)
	at com.runwaysdk.ClientRequest.&lt;init&gt;(ClientRequest.java:108)
	at com.runwaysdk.request.RMIClientRequest.&lt;init&gt;(RMIClientRequest.java:98)
	at com.runwaysdk.ClientRequest.getRequest(ClientRequest.java:640)
	at com.runwaysdk.ClientSession.&lt;init&gt;(ClientSession.java:179)
	at com.runwaysdk.ClientSession.createUserSession(ClientSession.java:194)
	at com.runwaysdk.facade.RMIInvokeViewDTOMethodTest$1.setUp(RMIInvokeViewDTOMethodTest.java:43)
	at junit.extensions.TestSetup$1.protect(TestSetup.java:18)
	at junit.framework.TestResult.runProtected(TestResult.java:124)
	at junit.extensions.TestSetup.run(TestSetup.java:23)
	at junit.framework.TestSuite.runTest(TestSuite.java:208)
	at junit.framework.TestSuite.run(TestSuite.java:203)
	at sun.reflect.NativeMethodAccessorImpl.invoke0(Native Method)
	at sun.reflect.NativeMethodAccessorImpl.invoke(NativeMethodAccessorImpl.java:57)
	at sun.reflect.DelegatingMethodAccessorImpl.invoke(DelegatingMethodAccessorImpl.java:43)
	at java.lang.reflect.Method.invoke(Method.java:616)
	at org.apache.maven.surefire.junit.JUnitTestSet.execute(JUnitTestSet.java:98)
	at org.apache.maven.surefire.junit.JUnit3Provider.executeTestSet(JUnit3Provider.java:107)
	at org.apache.maven.surefire.junit.JUnit3Provider.invoke(JUnit3Provider.java:84)
	at sun.reflect.NativeMethodAccessorImpl.invoke0(Native Method)
	at sun.reflect.NativeMethodAccessorImpl.invoke(NativeMethodAccessorImpl.java:57)
	at sun.reflect.DelegatingMethodAccessorImpl.invoke(DelegatingMethodAccessorImpl.java:43)
	at java.lang.reflect.Method.invoke(Method.java:616)
	at org.apache.maven.surefire.booter.ProviderFactory$ClassLoaderProxy.invoke(ProviderFactory.java:103)
	at $Proxy0.invoke(Unknown Source)
	at org.apache.maven.surefire.booter.SurefireStarter.invokeProvider(SurefireStarter.java:150)
	at org.apache.maven.surefire.booter.SurefireStarter.runSuitesInProcess(SurefireStarter.java:91)
	at org.apache.maven.surefire.booter.ForkedBooter.main(ForkedBooter.java:69)
</error>
  </testcase>
  <testcase time="57.056" classname="com.runwaysdk.facade.RMIFacadeGenerationTest$1" name="junit.framework.TestSuite@4441035d">
    <error message="The user [SYSTEM] has the maximum number of sessions open." type="com.runwaysdk.session.MaximumSessionsExceptionDTO">com.runwaysdk.session.MaximumSessionsExceptionDTO: The user [SYSTEM] has the maximum number of sessions open.
	at sun.reflect.NativeConstructorAccessorImpl.newInstance0(Native Method)
	at sun.reflect.NativeConstructorAccessorImpl.newInstance(NativeConstructorAccessorImpl.java:57)
	at sun.reflect.DelegatingConstructorAccessorImpl.newInstance(DelegatingConstructorAccessorImpl.java:45)
	at java.lang.reflect.Constructor.newInstance(Constructor.java:532)
	at com.runwaysdk.transport.conversion.ConversionFacade.buildRunwayExceptionDTO(ConversionFacade.java:1935)
	at com.runwaysdk.transport.conversion.ClientConversionFacade.buildThrowable(ClientConversionFacade.java:369)
	at com.runwaysdk.transport.conversion.ClientConversionFacade.buildThrowable(ClientConversionFacade.java:59)
	at com.runwaysdk.request.RMIClientRequest.login(RMIClientRequest.java:395)
	at com.runwaysdk.ClientRequest.&lt;init&gt;(ClientRequest.java:108)
	at com.runwaysdk.request.RMIClientRequest.&lt;init&gt;(RMIClientRequest.java:98)
	at com.runwaysdk.ClientRequest.getRequest(ClientRequest.java:640)
	at com.runwaysdk.ClientSession.&lt;init&gt;(ClientSession.java:179)
	at com.runwaysdk.ClientSession.createUserSession(ClientSession.java:194)
	at com.runwaysdk.facade.RMIFacadeGenerationTest$1.setUp(RMIFacadeGenerationTest.java:39)
	at junit.extensions.TestSetup$1.protect(TestSetup.java:18)
	at junit.framework.TestResult.runProtected(TestResult.java:124)
	at junit.extensions.TestSetup.run(TestSetup.java:23)
	at junit.framework.TestSuite.runTest(TestSuite.java:208)
	at junit.framework.TestSuite.run(TestSuite.java:203)
	at sun.reflect.NativeMethodAccessorImpl.invoke0(Native Method)
	at sun.reflect.NativeMethodAccessorImpl.invoke(NativeMethodAccessorImpl.java:57)
	at sun.reflect.DelegatingMethodAccessorImpl.invoke(DelegatingMethodAccessorImpl.java:43)
	at java.lang.reflect.Method.invoke(Method.java:616)
	at org.apache.maven.surefire.junit.JUnitTestSet.execute(JUnitTestSet.java:98)
	at org.apache.maven.surefire.junit.JUnit3Provider.executeTestSet(JUnit3Provider.java:107)
	at org.apache.maven.surefire.junit.JUnit3Provider.invoke(JUnit3Provider.java:84)
	at sun.reflect.NativeMethodAccessorImpl.invoke0(Native Method)
	at sun.reflect.NativeMethodAccessorImpl.invoke(NativeMethodAccessorImpl.java:57)
	at sun.reflect.DelegatingMethodAccessorImpl.invoke(DelegatingMethodAccessorImpl.java:43)
	at java.lang.reflect.Method.invoke(Method.java:616)
	at org.apache.maven.surefire.booter.ProviderFactory$ClassLoaderProxy.invoke(ProviderFactory.java:103)
	at $Proxy0.invoke(Unknown Source)
	at org.apache.maven.surefire.booter.SurefireStarter.invokeProvider(SurefireStarter.java:150)
	at org.apache.maven.surefire.booter.SurefireStarter.runSuitesInProcess(SurefireStarter.java:91)
	at org.apache.maven.surefire.booter.ForkedBooter.main(ForkedBooter.java:69)
</error>
  </testcase>
  <testcase time="57.076" classname="com.runwaysdk.facade.RMIMessageTest$1" name="com.runwaysdk.TestSuiteTF@3127e1d5">
    <error message="The user [SYSTEM] has the maximum number of sessions open." type="com.runwaysdk.session.MaximumSessionsExceptionDTO">com.runwaysdk.session.MaximumSessionsExceptionDTO: The user [SYSTEM] has the maximum number of sessions open.
	at sun.reflect.NativeConstructorAccessorImpl.newInstance0(Native Method)
	at sun.reflect.NativeConstructorAccessorImpl.newInstance(NativeConstructorAccessorImpl.java:57)
	at sun.reflect.DelegatingConstructorAccessorImpl.newInstance(DelegatingConstructorAccessorImpl.java:45)
	at java.lang.reflect.Constructor.newInstance(Constructor.java:532)
	at com.runwaysdk.transport.conversion.ConversionFacade.buildRunwayExceptionDTO(ConversionFacade.java:1935)
	at com.runwaysdk.transport.conversion.ClientConversionFacade.buildThrowable(ClientConversionFacade.java:369)
	at com.runwaysdk.transport.conversion.ClientConversionFacade.buildThrowable(ClientConversionFacade.java:59)
	at com.runwaysdk.request.RMIClientRequest.login(RMIClientRequest.java:395)
	at com.runwaysdk.ClientRequest.&lt;init&gt;(ClientRequest.java:108)
	at com.runwaysdk.request.RMIClientRequest.&lt;init&gt;(RMIClientRequest.java:98)
	at com.runwaysdk.ClientRequest.getRequest(ClientRequest.java:640)
	at com.runwaysdk.ClientSession.&lt;init&gt;(ClientSession.java:179)
	at com.runwaysdk.ClientSession.createUserSession(ClientSession.java:194)
	at com.runwaysdk.facade.RMIMessageTest$1.setUp(RMIMessageTest.java:32)
	at junit.extensions.TestSetup$1.protect(TestSetup.java:18)
	at junit.framework.TestResult.runProtected(TestResult.java:124)
	at junit.extensions.TestSetup.run(TestSetup.java:23)
	at junit.framework.TestSuite.runTest(TestSuite.java:208)
	at junit.framework.TestSuite.run(TestSuite.java:203)
	at sun.reflect.NativeMethodAccessorImpl.invoke0(Native Method)
	at sun.reflect.NativeMethodAccessorImpl.invoke(NativeMethodAccessorImpl.java:57)
	at sun.reflect.DelegatingMethodAccessorImpl.invoke(DelegatingMethodAccessorImpl.java:43)
	at java.lang.reflect.Method.invoke(Method.java:616)
	at org.apache.maven.surefire.junit.JUnitTestSet.execute(JUnitTestSet.java:98)
	at org.apache.maven.surefire.junit.JUnit3Provider.executeTestSet(JUnit3Provider.java:107)
	at org.apache.maven.surefire.junit.JUnit3Provider.invoke(JUnit3Provider.java:84)
	at sun.reflect.NativeMethodAccessorImpl.invoke0(Native Method)
	at sun.reflect.NativeMethodAccessorImpl.invoke(NativeMethodAccessorImpl.java:57)
	at sun.reflect.DelegatingMethodAccessorImpl.invoke(DelegatingMethodAccessorImpl.java:43)
	at java.lang.reflect.Method.invoke(Method.java:616)
	at org.apache.maven.surefire.booter.ProviderFactory$ClassLoaderProxy.invoke(ProviderFactory.java:103)
	at $Proxy0.invoke(Unknown Source)
	at org.apache.maven.surefire.booter.SurefireStarter.invokeProvider(SurefireStarter.java:150)
	at org.apache.maven.surefire.booter.SurefireStarter.runSuitesInProcess(SurefireStarter.java:91)
	at org.apache.maven.surefire.booter.ForkedBooter.main(ForkedBooter.java:69)
</error>
  </testcase>
  <testcase time="57.098" classname="com.runwaysdk.facade.JSONInvokeMethodTest$1" name="junit.framework.TestSuite@2b5b30f4">
    <error message="The user [SYSTEM] has the maximum number of sessions open." type="com.runwaysdk.session.MaximumSessionsExceptionDTO">com.runwaysdk.session.MaximumSessionsExceptionDTO: The user [SYSTEM] has the maximum number of sessions open.
	at sun.reflect.NativeConstructorAccessorImpl.newInstance0(Native Method)
	at sun.reflect.NativeConstructorAccessorImpl.newInstance(NativeConstructorAccessorImpl.java:57)
	at sun.reflect.DelegatingConstructorAccessorImpl.newInstance(DelegatingConstructorAccessorImpl.java:45)
	at java.lang.reflect.Constructor.newInstance(Constructor.java:532)
	at com.runwaysdk.transport.conversion.ConversionFacade.buildRunwayExceptionDTO(ConversionFacade.java:1935)
	at com.runwaysdk.transport.conversion.ClientConversionFacade.buildThrowable(ClientConversionFacade.java:369)
	at com.runwaysdk.transport.conversion.ClientConversionFacade.buildThrowable(ClientConversionFacade.java:59)
	at com.runwaysdk.request.JavaClientRequest.login(JavaClientRequest.java:354)
	at com.runwaysdk.ClientRequest.&lt;init&gt;(ClientRequest.java:108)
	at com.runwaysdk.request.JavaClientRequest.&lt;init&gt;(JavaClientRequest.java:60)
	at sun.reflect.GeneratedConstructorAccessor17.newInstance(Unknown Source)
	at sun.reflect.DelegatingConstructorAccessorImpl.newInstance(DelegatingConstructorAccessorImpl.java:45)
	at java.lang.reflect.Constructor.newInstance(Constructor.java:532)
	at com.runwaysdk.ClientRequest.getRequest(ClientRequest.java:614)
	at com.runwaysdk.ClientSession.&lt;init&gt;(ClientSession.java:149)
	at com.runwaysdk.ClientSession.createUserSession(ClientSession.java:162)
	at com.runwaysdk.facade.JSONInvokeMethodTest$1.setUp(JSONInvokeMethodTest.java:62)
	at junit.extensions.TestSetup$1.protect(TestSetup.java:18)
	at junit.framework.TestResult.runProtected(TestResult.java:124)
	at junit.extensions.TestSetup.run(TestSetup.java:23)
	at junit.framework.TestSuite.runTest(TestSuite.java:208)
	at junit.framework.TestSuite.run(TestSuite.java:203)
	at sun.reflect.NativeMethodAccessorImpl.invoke0(Native Method)
	at sun.reflect.NativeMethodAccessorImpl.invoke(NativeMethodAccessorImpl.java:57)
	at sun.reflect.DelegatingMethodAccessorImpl.invoke(DelegatingMethodAccessorImpl.java:43)
	at java.lang.reflect.Method.invoke(Method.java:616)
	at org.apache.maven.surefire.junit.JUnitTestSet.execute(JUnitTestSet.java:98)
	at org.apache.maven.surefire.junit.JUnit3Provider.executeTestSet(JUnit3Provider.java:107)
	at org.apache.maven.surefire.junit.JUnit3Provider.invoke(JUnit3Provider.java:84)
	at sun.reflect.NativeMethodAccessorImpl.invoke0(Native Method)
	at sun.reflect.NativeMethodAccessorImpl.invoke(NativeMethodAccessorImpl.java:57)
	at sun.reflect.DelegatingMethodAccessorImpl.invoke(DelegatingMethodAccessorImpl.java:43)
	at java.lang.reflect.Method.invoke(Method.java:616)
	at org.apache.maven.surefire.booter.ProviderFactory$ClassLoaderProxy.invoke(ProviderFactory.java:103)
	at $Proxy0.invoke(Unknown Source)
	at org.apache.maven.surefire.booter.SurefireStarter.invokeProvider(SurefireStarter.java:150)
	at org.apache.maven.surefire.booter.SurefireStarter.runSuitesInProcess(SurefireStarter.java:91)
	at org.apache.maven.surefire.booter.ForkedBooter.main(ForkedBooter.java:69)
</error>
  </testcase>
  <testcase time="57.123" classname="com.runwaysdk.facade.JSONRMIInvokeMethodTest$1" name="junit.framework.TestSuite@1477e9a3">
    <error message="The user [SYSTEM] has the maximum number of sessions open." type="com.runwaysdk.session.MaximumSessionsExceptionDTO">com.runwaysdk.session.MaximumSessionsExceptionDTO: The user [SYSTEM] has the maximum number of sessions open.
	at sun.reflect.NativeConstructorAccessorImpl.newInstance0(Native Method)
	at sun.reflect.NativeConstructorAccessorImpl.newInstance(NativeConstructorAccessorImpl.java:57)
	at sun.reflect.DelegatingConstructorAccessorImpl.newInstance(DelegatingConstructorAccessorImpl.java:45)
	at java.lang.reflect.Constructor.newInstance(Constructor.java:532)
	at com.runwaysdk.transport.conversion.ConversionFacade.buildRunwayExceptionDTO(ConversionFacade.java:1935)
	at com.runwaysdk.transport.conversion.ClientConversionFacade.buildThrowable(ClientConversionFacade.java:369)
	at com.runwaysdk.transport.conversion.ClientConversionFacade.buildThrowable(ClientConversionFacade.java:59)
	at com.runwaysdk.request.RMIClientRequest.login(RMIClientRequest.java:395)
	at com.runwaysdk.ClientRequest.&lt;init&gt;(ClientRequest.java:108)
	at com.runwaysdk.request.RMIClientRequest.&lt;init&gt;(RMIClientRequest.java:98)
	at com.runwaysdk.ClientRequest.getRequest(ClientRequest.java:640)
	at com.runwaysdk.ClientSession.&lt;init&gt;(ClientSession.java:179)
	at com.runwaysdk.ClientSession.createUserSession(ClientSession.java:194)
	at com.runwaysdk.facade.JSONRMIInvokeMethodTest$1.setUp(JSONRMIInvokeMethodTest.java:35)
	at junit.extensions.TestSetup$1.protect(TestSetup.java:18)
	at junit.framework.TestResult.runProtected(TestResult.java:124)
	at junit.extensions.TestSetup.run(TestSetup.java:23)
	at junit.framework.TestSuite.runTest(TestSuite.java:208)
	at junit.framework.TestSuite.run(TestSuite.java:203)
	at sun.reflect.NativeMethodAccessorImpl.invoke0(Native Method)
	at sun.reflect.NativeMethodAccessorImpl.invoke(NativeMethodAccessorImpl.java:57)
	at sun.reflect.DelegatingMethodAccessorImpl.invoke(DelegatingMethodAccessorImpl.java:43)
	at java.lang.reflect.Method.invoke(Method.java:616)
	at org.apache.maven.surefire.junit.JUnitTestSet.execute(JUnitTestSet.java:98)
	at org.apache.maven.surefire.junit.JUnit3Provider.executeTestSet(JUnit3Provider.java:107)
	at org.apache.maven.surefire.junit.JUnit3Provider.invoke(JUnit3Provider.java:84)
	at sun.reflect.NativeMethodAccessorImpl.invoke0(Native Method)
	at sun.reflect.NativeMethodAccessorImpl.invoke(NativeMethodAccessorImpl.java:57)
	at sun.reflect.DelegatingMethodAccessorImpl.invoke(DelegatingMethodAccessorImpl.java:43)
	at java.lang.reflect.Method.invoke(Method.java:616)
	at org.apache.maven.surefire.booter.ProviderFactory$ClassLoaderProxy.invoke(ProviderFactory.java:103)
	at $Proxy0.invoke(Unknown Source)
	at org.apache.maven.surefire.booter.SurefireStarter.invokeProvider(SurefireStarter.java:150)
	at org.apache.maven.surefire.booter.SurefireStarter.runSuitesInProcess(SurefireStarter.java:91)
	at org.apache.maven.surefire.booter.ForkedBooter.main(ForkedBooter.java:69)
</error>
  </testcase>
<<<<<<< HEAD
</testsuite>
=======
</testsuite>
>>>>>>> ac74a14d84b3e01d5aba7001dc0bc6e12cfc0860
